Using pre-set license
Built from '2020.3/staging' branch; Version is '2020.3.24f1 (79c78de19888) revision 7980941'; Using compiler version '192528614'; Build Type 'Release'
OS: 'Windows 11  (10.0.22000) 64bit Professional' Language: 'en' Physical Memory: 16190 MB
BatchMode: 1, IsHumanControllingUs: 0, StartBugReporterOnCrash: 0, Is64bit: 1, IsPro: 0

COMMAND LINE ARGUMENTS:
C:\Program Files\Unity\Hub\Editor\2020.3.24f1\Editor\Unity.exe
-adb2
-batchMode
-noUpm
-name
AssetImportWorker0
-projectPath
C:/github/computer_graphics_programming_exercises/L06 - Basic Cg Shaders/Exercise
-logFile
Logs/AssetImportWorker0.log
-srvPort
52767
Successfully changed project path to: C:/github/computer_graphics_programming_exercises/L06 - Basic Cg Shaders/Exercise
C:/github/computer_graphics_programming_exercises/L06 - Basic Cg Shaders/Exercise
Using Asset Import Pipeline V2.
Refreshing native plugins compatible for Editor in 46.96 ms, found 2 plugins.
Preloading 0 native plugins for Editor in 0.00 ms.
Initialize engine version: 2020.3.24f1 (79c78de19888)
[Subsystems] Discovering subsystems at path C:/Program Files/Unity/Hub/Editor/2020.3.24f1/Editor/Data/Resources/UnitySubsystems
[Subsystems] Discovering subsystems at path C:/github/computer_graphics_programming_exercises/L06 - Basic Cg Shaders/Exercise/Assets
GfxDevice: creating device client; threaded=0
Direct3D:
    Version:  Direct3D 11.0 [level 11.1]
    Renderer: NVIDIA GeForce RTX 2060 (ID=0x1f11)
    Vendor:   
    VRAM:     5980 MB
    Driver:   30.0.15.1006
Initialize mono
Mono path[0] = 'C:/Program Files/Unity/Hub/Editor/2020.3.24f1/Editor/Data/Managed'
Mono path[1] = 'C:/Program Files/Unity/Hub/Editor/2020.3.24f1/Editor/Data/MonoBleedingEdge/lib/mono/unityjit'
Mono config path = 'C:/Program Files/Unity/Hub/Editor/2020.3.24f1/Editor/Data/MonoBleedingEdge/etc'
Using monoOptions --debugger-agent=transport=dt_socket,embedding=1,server=y,suspend=n,address=127.0.0.1:56796
Begin MonoManager ReloadAssembly
Registering precompiled unity dll's ...
Register platform support module: C:/Program Files/Unity/Hub/Editor/2020.3.24f1/Editor/Data/PlaybackEngines/WindowsStandaloneSupport/UnityEditor.WindowsStandalone.Extensions.dll
Registered in 0.001456 seconds.
Native extension for WindowsStandalone target not found
Refreshing native plugins compatible for Editor in 28.97 ms, found 2 plugins.
Preloading 0 native plugins for Editor in 0.00 ms.
Mono: successfully reloaded assembly
- Completed reload, in  0.589 seconds
Domain Reload Profiling:
	ReloadAssembly (589ms)
		BeginReloadAssembly (54ms)
			ExecutionOrderSort (0ms)
			DisableScriptedObjects (0ms)
			BackupInstance (0ms)
			ReleaseScriptingObjects (0ms)
			CreateAndSetChildDomain (1ms)
		EndReloadAssembly (453ms)
			LoadAssemblies (52ms)
			RebuildTransferFunctionScriptingTraits (0ms)
			SetupTypeCache (147ms)
			ReleaseScriptCaches (0ms)
			RebuildScriptCaches (31ms)
			SetupLoadedEditorAssemblies (174ms)
				LogAssemblyErrors (0ms)
				InitializePlatformSupportModulesInManaged (4ms)
				SetLoadedEditorAssemblies (0ms)
				RefreshPlugins (29ms)
				BeforeProcessingInitializeOnLoad (13ms)
				ProcessInitializeOnLoadAttributes (87ms)
				ProcessInitializeOnLoadMethodAttributes (40ms)
				AfterProcessingInitializeOnLoad (0ms)
				EditorAssembliesLoaded (0ms)
			ExecutionOrderSort2 (0ms)
			AwakeInstancesAfterBackupRestoration (0ms)
Platform modules already initialized, skipping
Registering precompiled user dll's ...
Registered in 0.004329 seconds.
Begin MonoManager ReloadAssembly
Native extension for WindowsStandalone target not found
Refreshing native plugins compatible for Editor in 0.32 ms, found 2 plugins.
Preloading 0 native plugins for Editor in 0.00 ms.
Mono: successfully reloaded assembly
- Completed reload, in  1.174 seconds
Domain Reload Profiling:
	ReloadAssembly (1175ms)
		BeginReloadAssembly (186ms)
			ExecutionOrderSort (0ms)
			DisableScriptedObjects (5ms)
			BackupInstance (0ms)
			ReleaseScriptingObjects (0ms)
			CreateAndSetChildDomain (21ms)
		EndReloadAssembly (917ms)
			LoadAssemblies (84ms)
			RebuildTransferFunctionScriptingTraits (0ms)
			SetupTypeCache (307ms)
			ReleaseScriptCaches (0ms)
			RebuildScriptCaches (42ms)
			SetupLoadedEditorAssemblies (385ms)
				LogAssemblyErrors (0ms)
				InitializePlatformSupportModulesInManaged (4ms)
				SetLoadedEditorAssemblies (1ms)
				RefreshPlugins (0ms)
				BeforeProcessingInitializeOnLoad (97ms)
				ProcessInitializeOnLoadAttributes (265ms)
				ProcessInitializeOnLoadMethodAttributes (12ms)
				AfterProcessingInitializeOnLoad (6ms)
				EditorAssembliesLoaded (0ms)
			ExecutionOrderSort2 (0ms)
			AwakeInstancesAfterBackupRestoration (7ms)
Platform modules already initialized, skipping
========================================================================
Worker process is ready to serve import requests
Launched and connected shader compiler UnityShaderCompiler.exe after 0.09 seconds
Refreshing native plugins compatible for Editor in 0.30 ms, found 2 plugins.
Preloading 0 native plugins for Editor in 0.00 ms.
Unloading 1500 Unused Serialized files (Serialized files now loaded: 0)
System memory in use before: 67.9 MB.
System memory in use after: 68.0 MB.

Unloading 19 unused Assets to reduce memory usage. Loaded Objects now: 1932.
Total: 2.777600 ms (FindLiveObjects: 0.130800 ms CreateObjectMapping: 0.041800 ms MarkObjects: 2.541700 ms  DeleteObjects: 0.062200 ms)

AssetImportParameters requested are different than current active one (requested -> active):
  custom:framework-win-MediaFoundation: 216162199b28c13a410421893ffa2e32 -> 
  custom:video-decoder-ogg-theora: a1e56fd34408186e4bbccfd4996cb3dc -> 
  custom:container-muxer-webm: aa71ff27fc2769a1b78a27578f13a17b -> 
  custom:container-demuxer-webm: 4f35f7cbe854078d1ac9338744f61a02 -> 
  custom:container-demuxer-ogg: 62fdf1f143b41e24485cea50d1cbac27 -> 
  custom:video-encoder-webm-vp8: eb34c28f22e8b96e1ab97ce403110664 -> 
  custom:video-decoder-webm-vp8: 9c59270c3fd7afecdb556c50c9e8de78 -> 
  custom:audio-decoder-ogg-vorbis: bf7c407c2cedff20999df2af8eb42d56 -> 
  custom:audio-encoder-webm-vorbis: bf7c407c2cedff20999df2af8eb42d56 -> 
========================================================================
Received Import Request.
  path: Assets
  artifactKey: Guid(00000000000000001000000000000000) Importer(815301076,1909f56bfc062723c751e8b465ee728b)
Start importing Assets using Guid(00000000000000001000000000000000) Importer(815301076,1909f56bfc062723c751e8b465ee728b)  -> (artifact id: '42d402b061de3733987d63b9cc3b64de') in 0.011534 seconds 
  Import took 0.014401 seconds .

========================================================================
Received Import Request.
  Time since last request: 5.584562 seconds.
  path: Assets/task
  artifactKey: Guid(92f96f6c84012614db2466b3c49a9fe9) Importer(815301076,1909f56bfc062723c751e8b465ee728b)
Start importing Assets/task using Guid(92f96f6c84012614db2466b3c49a9fe9) Importer(815301076,1909f56bfc062723c751e8b465ee728b)  -> (artifact id: '2a7722f5d9c8f159b5c567580b4915f8') in 0.009210 seconds 
  Import took 0.012427 seconds .

========================================================================
Received Import Request.
  Time since last request: 7.568216 seconds.
  path: Assets/task 1
  artifactKey: Guid(d9f538782c0159e4f9c9bd43c47fd80c) Importer(815301076,1909f56bfc062723c751e8b465ee728b)
Start importing Assets/task 1 using Guid(d9f538782c0159e4f9c9bd43c47fd80c) Importer(815301076,1909f56bfc062723c751e8b465ee728b)  -> (artifact id: 'bf08b814d9a5aa8cde9ac7d34db1feea') in 0.010275 seconds 
  Import took 0.013470 seconds .

========================================================================
Received Import Request.
  Time since last request: 1.427100 seconds.
  path: Assets/task1
  artifactKey: Guid(d9f538782c0159e4f9c9bd43c47fd80c) Importer(815301076,1909f56bfc062723c751e8b465ee728b)
Start importing Assets/task1 using Guid(d9f538782c0159e4f9c9bd43c47fd80c) Importer(815301076,1909f56bfc062723c751e8b465ee728b)  -> (artifact id: 'a878c4c6e8243bb5992239cfed29a9b0') in 0.009170 seconds 
  Import took 0.011938 seconds .

========================================================================
Received Import Request.
  Time since last request: 0.651080 seconds.
  path: Assets/task 2
  artifactKey: Guid(e2c901d89223a5343912f2a7a1bf0dee) Importer(815301076,1909f56bfc062723c751e8b465ee728b)
Start importing Assets/task 2 using Guid(e2c901d89223a5343912f2a7a1bf0dee) Importer(815301076,1909f56bfc062723c751e8b465ee728b)  -> (artifact id: '914bd7ce164eaa4445d11e6a5b0d4993') in 0.009898 seconds 
  Import took 0.013004 seconds .

========================================================================
Received Import Request.
  Time since last request: 1.096717 seconds.
  path: Assets/task2
  artifactKey: Guid(e2c901d89223a5343912f2a7a1bf0dee) Importer(815301076,1909f56bfc062723c751e8b465ee728b)
Start importing Assets/task2 using Guid(e2c901d89223a5343912f2a7a1bf0dee) Importer(815301076,1909f56bfc062723c751e8b465ee728b)  -> (artifact id: '6847cd7a729e0d23776b61400c3d84a3') in 0.010240 seconds 
  Import took 0.012793 seconds .

========================================================================
Received Import Request.
  Time since last request: 0.627972 seconds.
  path: Assets/task 3
  artifactKey: Guid(fee10ff3a4f937c44812f069f8cdc6fa) Importer(815301076,1909f56bfc062723c751e8b465ee728b)
Start importing Assets/task 3 using Guid(fee10ff3a4f937c44812f069f8cdc6fa) Importer(815301076,1909f56bfc062723c751e8b465ee728b)  -> (artifact id: '15b02489ea2ef3d741308208a3013f17') in 0.009168 seconds 
  Import took 0.018881 seconds .

========================================================================
Received Import Request.
  Time since last request: 1.078131 seconds.
  path: Assets/task3
  artifactKey: Guid(fee10ff3a4f937c44812f069f8cdc6fa) Importer(815301076,1909f56bfc062723c751e8b465ee728b)
Start importing Assets/task3 using Guid(fee10ff3a4f937c44812f069f8cdc6fa) Importer(815301076,1909f56bfc062723c751e8b465ee728b)  -> (artifact id: '32d78946b65dd53823eb731147604ee6') in 0.009690 seconds 
  Import took 0.012730 seconds .

========================================================================
Received Import Request.
  Time since last request: 0.787024 seconds.
  path: Assets/task 4
  artifactKey: Guid(9bc65b3526c1021459800a7fbe8e56ed) Importer(815301076,1909f56bfc062723c751e8b465ee728b)
Start importing Assets/task 4 using Guid(9bc65b3526c1021459800a7fbe8e56ed) Importer(815301076,1909f56bfc062723c751e8b465ee728b)  -> (artifact id: '5cce447215cb876c21f9aa6e6d40250f') in 0.010118 seconds 
  Import took 0.012432 seconds .

========================================================================
Received Import Request.
  Time since last request: 1.083546 seconds.
  path: Assets/task4
  artifactKey: Guid(9bc65b3526c1021459800a7fbe8e56ed) Importer(815301076,1909f56bfc062723c751e8b465ee728b)
Start importing Assets/task4 using Guid(9bc65b3526c1021459800a7fbe8e56ed) Importer(815301076,1909f56bfc062723c751e8b465ee728b)  -> (artifact id: '1d272686c347daaa73f671df8c805643') in 0.009257 seconds 
  Import took 0.020494 seconds .

========================================================================
Received Import Request.
  Time since last request: 4.386548 seconds.
  path: Assets/task1/task1.unity
  artifactKey: Guid(86994551d48773841b30de139fb08a01) Importer(815301076,1909f56bfc062723c751e8b465ee728b)
Start importing Assets/task1/task1.unity using Guid(86994551d48773841b30de139fb08a01) Importer(815301076,1909f56bfc062723c751e8b465ee728b)  -> (artifact id: 'ef1f2a7e863e62ae026453f9912432cc') in 0.016547 seconds 
  Import took 0.019006 seconds .

========================================================================
Received Import Request.
  Time since last request: 35.276130 seconds.
  path: Assets/task1/Materials
  artifactKey: Guid(fee4288562b5591479ac4df2cd384456) Importer(815301076,1909f56bfc062723c751e8b465ee728b)
Start importing Assets/task1/Materials using Guid(fee4288562b5591479ac4df2cd384456) Importer(815301076,1909f56bfc062723c751e8b465ee728b)  -> (artifact id: 'a02746c4cb409080791069c5e3ba99a3') in 0.008842 seconds 
  Import took 0.011736 seconds .

========================================================================
Received Import Request.
  Time since last request: 8.366510 seconds.
  path: Assets/task1/Materials/New Material.mat
  artifactKey: Guid(f662813a87764fd418af0a75758c7842) Importer(815301076,1909f56bfc062723c751e8b465ee728b)
Start importing Assets/task1/Materials/New Material.mat using Guid(f662813a87764fd418af0a75758c7842) Importer(815301076,1909f56bfc062723c751e8b465ee728b)  -> (artifact id: 'b845e940823460fc2ebb0039faae1981') in 0.150133 seconds 
  Import took 0.152990 seconds .

========================================================================
Received Import Request.
  Time since last request: 10.491170 seconds.
  path: Assets/task1/Materials/BasicCGShader.mat
  artifactKey: Guid(a865ec21e54b5484fa98d5e3d90608ab) Importer(815301076,1909f56bfc062723c751e8b465ee728b)
Start importing Assets/task1/Materials/BasicCGShader.mat using Guid(a865ec21e54b5484fa98d5e3d90608ab) Importer(815301076,1909f56bfc062723c751e8b465ee728b)  -> (artifact id: '49abf17123a15fea34794b75c2fbbe46') in 0.021999 seconds 
  Import took 0.024723 seconds .

========================================================================
Received Import Request.
  Time since last request: 9.923095 seconds.
  path: Assets/task1/Materials/BasicCGShader.shader
  artifactKey: Guid(c7b89f143c0eb9044901a0f295b679b0) Importer(815301076,1909f56bfc062723c751e8b465ee728b)
Start importing Assets/task1/Materials/BasicCGShader.shader using Guid(c7b89f143c0eb9044901a0f295b679b0) Importer(815301076,1909f56bfc062723c751e8b465ee728b)  -> (artifact id: 'ecf897220fd564dceb69e999477bdb24') in 0.051255 seconds 
  Import took 0.054138 seconds .

========================================================================
Received Import Request.
  Time since last request: 1190.632024 seconds.
  path: Assets/task1/Materials/BasicCGShader.mat
  artifactKey: Guid(a865ec21e54b5484fa98d5e3d90608ab) Importer(815301076,1909f56bfc062723c751e8b465ee728b)
Start importing Assets/task1/Materials/BasicCGShader.mat using Guid(a865ec21e54b5484fa98d5e3d90608ab) Importer(815301076,1909f56bfc062723c751e8b465ee728b)  -> (artifact id: 'ace07c7708028f45cf27b14fb5ff6b17') in 0.022371 seconds 
  Import took 0.027254 seconds .

========================================================================
Received Import Request.
  Time since last request: 9.410017 seconds.
  path: Assets/task2/task2.unity
  artifactKey: Guid(e78604ea3df31384094dfac83fe481df) Importer(815301076,1909f56bfc062723c751e8b465ee728b)
Start importing Assets/task2/task2.unity using Guid(e78604ea3df31384094dfac83fe481df) Importer(815301076,1909f56bfc062723c751e8b465ee728b)  -> (artifact id: '964473e7ba9159ac5f24f7fd0803437b') in 0.009647 seconds 
  Import took 0.011880 seconds .

========================================================================
Received Import Request.
  Time since last request: 4.995289 seconds.
  path: Assets/task2/Materials
  artifactKey: Guid(44a2e73031abf974482c7ac09eeb4f13) Importer(815301076,1909f56bfc062723c751e8b465ee728b)
Start importing Assets/task2/Materials using Guid(44a2e73031abf974482c7ac09eeb4f13) Importer(815301076,1909f56bfc062723c751e8b465ee728b)  -> (artifact id: 'de7cf0390ea1672aa62fe46543435293') in 0.003307 seconds 
  Import took 0.005503 seconds .

========================================================================
Received Import Request.
  Time since last request: 14.830391 seconds.
  path: Assets/task2/Materials/RGB_Cube.mat
  artifactKey: Guid(b05d5bdd57f8f6349afd96f0c934195b) Importer(815301076,1909f56bfc062723c751e8b465ee728b)
Start importing Assets/task2/Materials/RGB_Cube.mat using Guid(b05d5bdd57f8f6349afd96f0c934195b) Importer(815301076,1909f56bfc062723c751e8b465ee728b)  -> (artifact id: 'fb43f3b70bb02ee9740c7bfe7dc4a8d8') in 0.022437 seconds 
  Import took 0.025368 seconds .

========================================================================
Received Import Request.
  Time since last request: 14.343133 seconds.
  path: Assets/task2/Materials/RGB_Cube.shader
  artifactKey: Guid(89e05f2ecbeb12b45857db33f5cdb7e0) Importer(815301076,1909f56bfc062723c751e8b465ee728b)
Start importing Assets/task2/Materials/RGB_Cube.shader using Guid(89e05f2ecbeb12b45857db33f5cdb7e0) Importer(815301076,1909f56bfc062723c751e8b465ee728b)  -> (artifact id: '30705916db0d2f0154e160af968c9dfe') in 0.005470 seconds 
  Import took 0.008733 seconds .

========================================================================
Received Import Request.
  Time since last request: 43.574776 seconds.
  path: Assets/task2/Materials/RGB_Cube.shader
  artifactKey: Guid(89e05f2ecbeb12b45857db33f5cdb7e0) Importer(815301076,1909f56bfc062723c751e8b465ee728b)
Start importing Assets/task2/Materials/RGB_Cube.shader using Guid(89e05f2ecbeb12b45857db33f5cdb7e0) Importer(815301076,1909f56bfc062723c751e8b465ee728b)  -> (artifact id: '9d001ee624383e0c564e157e9adfa188') in 0.005256 seconds 
  Import took 0.009051 seconds .

========================================================================
Received Import Request.
  Time since last request: 403.986295 seconds.
  path: Assets/task2/Materials/RGB_Cube.mat
  artifactKey: Guid(b05d5bdd57f8f6349afd96f0c934195b) Importer(815301076,1909f56bfc062723c751e8b465ee728b)
Start importing Assets/task2/Materials/RGB_Cube.mat using Guid(b05d5bdd57f8f6349afd96f0c934195b) Importer(815301076,1909f56bfc062723c751e8b465ee728b)  -> (artifact id: 'dd798d52efc1ecfd2c360a5cf948c099') in 0.023531 seconds 
  Import took 0.027495 seconds .

========================================================================
Received Import Request.
  Time since last request: 8.957072 seconds.
  path: Assets/task3/task3.unity
  artifactKey: Guid(755ffe1541f7bcd4fb0eafc0569d3fb9) Importer(815301076,1909f56bfc062723c751e8b465ee728b)
Start importing Assets/task3/task3.unity using Guid(755ffe1541f7bcd4fb0eafc0569d3fb9) Importer(815301076,1909f56bfc062723c751e8b465ee728b)  -> (artifact id: '712d3e819471696bc8b402912bc17483') in 0.010705 seconds 
  Import took 0.013087 seconds .

========================================================================
Received Import Request.
  Time since last request: 62.133918 seconds.
  path: Assets/task3/Materials
  artifactKey: Guid(292f19c7ee390b94997ff28f2716bf4e) Importer(815301076,1909f56bfc062723c751e8b465ee728b)
Start importing Assets/task3/Materials using Guid(292f19c7ee390b94997ff28f2716bf4e) Importer(815301076,1909f56bfc062723c751e8b465ee728b)  -> (artifact id: 'e44e225a6cc89066907e61c4f2deb49c') in 0.003429 seconds 
  Import took 0.006081 seconds .

========================================================================
Received Import Request.
  Time since last request: 10.756261 seconds.
  path: Assets/task3/Materials/DebuggingShades.mat
  artifactKey: Guid(3c049ecc5127d9e41aed6b8203584f46) Importer(815301076,1909f56bfc062723c751e8b465ee728b)
Start importing Assets/task3/Materials/DebuggingShades.mat using Guid(3c049ecc5127d9e41aed6b8203584f46) Importer(815301076,1909f56bfc062723c751e8b465ee728b)  -> (artifact id: '7c6390b7dc4e4dc6ab35d359cdcad8d1') in 0.017601 seconds 
  Import took 0.021219 seconds .

========================================================================
Received Import Request.
  Time since last request: 4.318935 seconds.
  path: Assets/task3/Materials/0.mat
  artifactKey: Guid(3c049ecc5127d9e41aed6b8203584f46) Importer(815301076,1909f56bfc062723c751e8b465ee728b)
Start importing Assets/task3/Materials/0.mat using Guid(3c049ecc5127d9e41aed6b8203584f46) Importer(815301076,1909f56bfc062723c751e8b465ee728b)  -> (artifact id: '1e656159b9564d4fd3910433f2765425') in 0.017375 seconds 
  Import took 0.021885 seconds .

========================================================================
Received Import Request.
  Time since last request: 3.915774 seconds.
  path: Assets/task3/Materials/DebuggingShaders.mat
  artifactKey: Guid(3c049ecc5127d9e41aed6b8203584f46) Importer(815301076,1909f56bfc062723c751e8b465ee728b)
Start importing Assets/task3/Materials/DebuggingShaders.mat using Guid(3c049ecc5127d9e41aed6b8203584f46) Importer(815301076,1909f56bfc062723c751e8b465ee728b)  -> (artifact id: '5a36762098e7e9e88dd7e18c1239f7df') in 0.019173 seconds 
  Import took 0.022343 seconds .

========================================================================
Received Import Request.
  Time since last request: 8.347632 seconds.
  path: Assets/task3/Materials/DebuggingShaders.shader
  artifactKey: Guid(579d95e9873da13479ecaae60006da4c) Importer(815301076,1909f56bfc062723c751e8b465ee728b)
Start importing Assets/task3/Materials/DebuggingShaders.shader using Guid(579d95e9873da13479ecaae60006da4c) Importer(815301076,1909f56bfc062723c751e8b465ee728b)  -> (artifact id: 'dd5056eed96a517d9f369e943cef99f0') in 0.005071 seconds 
  Import took 0.007611 seconds .

========================================================================
Received Import Request.
  Time since last request: 78.643843 seconds.
  path: Assets/task3/Materials/DebuggingShaders.shader
  artifactKey: Guid(579d95e9873da13479ecaae60006da4c) Importer(815301076,1909f56bfc062723c751e8b465ee728b)
Start importing Assets/task3/Materials/DebuggingShaders.shader using Guid(579d95e9873da13479ecaae60006da4c) Importer(815301076,1909f56bfc062723c751e8b465ee728b)  -> (artifact id: 'f7374ba5b0510801ce7deb0217319b00') in 0.004253 seconds 
  Import took 0.007851 seconds .

========================================================================
Received Import Request.
  Time since last request: 41.491268 seconds.
  path: Assets/task3/Materials/DebuggingShaders.shader
  artifactKey: Guid(579d95e9873da13479ecaae60006da4c) Importer(815301076,1909f56bfc062723c751e8b465ee728b)
Start importing Assets/task3/Materials/DebuggingShaders.shader using Guid(579d95e9873da13479ecaae60006da4c) Importer(815301076,1909f56bfc062723c751e8b465ee728b)  -> (artifact id: '38d3ca5626da12bdf40ca6fa5be18096') in 0.004020 seconds 
  Import took 0.007001 seconds .

========================================================================
Received Import Request.
  Time since last request: 667.956033 seconds.
  path: Assets/task3/Materials/DebuggingShaders.mat
  artifactKey: Guid(3c049ecc5127d9e41aed6b8203584f46) Importer(815301076,1909f56bfc062723c751e8b465ee728b)
Start importing Assets/task3/Materials/DebuggingShaders.mat using Guid(3c049ecc5127d9e41aed6b8203584f46) Importer(815301076,1909f56bfc062723c751e8b465ee728b)  -> (artifact id: 'b86f829b1f1aa40460f436bf74b6d6a0') in 0.028952 seconds 
  Import took 0.032581 seconds .

========================================================================
Received Import Request.
  Time since last request: 7.072267 seconds.
  path: Assets/task4/task4.unity
  artifactKey: Guid(4bf080eb425da7b47b20896c8eed1e3f) Importer(815301076,1909f56bfc062723c751e8b465ee728b)
Start importing Assets/task4/task4.unity using Guid(4bf080eb425da7b47b20896c8eed1e3f) Importer(815301076,1909f56bfc062723c751e8b465ee728b)  -> (artifact id: '5643106339a6f19089c848115047624e') in 0.010001 seconds 
  Import took 0.012370 seconds .

========================================================================
Received Import Request.
  Time since last request: 5.351019 seconds.
  path: Assets/task4/Materials
  artifactKey: Guid(6dc8d517ac82e604eac9f970d50cdcaf) Importer(815301076,1909f56bfc062723c751e8b465ee728b)
Start importing Assets/task4/Materials using Guid(6dc8d517ac82e604eac9f970d50cdcaf) Importer(815301076,1909f56bfc062723c751e8b465ee728b)  -> (artifact id: '71f23345f3e34ad55352d76b7194284a') in 0.003743 seconds 
  Import took 0.006530 seconds .

========================================================================
Received Import Request.
  Time since last request: 29.929928 seconds.
  path: Assets/task4/Materials/ShadingInWorldSpace.mat
  artifactKey: Guid(7c9a63a865dd7e04ab827c867110d2b4) Importer(815301076,1909f56bfc062723c751e8b465ee728b)
Start importing Assets/task4/Materials/ShadingInWorldSpace.mat using Guid(7c9a63a865dd7e04ab827c867110d2b4) Importer(815301076,1909f56bfc062723c751e8b465ee728b)  -> (artifact id: 'f480825255e079ef01e2bb708b72fb79') in 0.016072 seconds 
  Import took 0.019408 seconds .

========================================================================
Received Import Request.
  Time since last request: 16.669802 seconds.
  path: Assets/task4/Materials/ShadingInWorldSpace.shader
  artifactKey: Guid(34da587b038c8bf428db0eb5575f1f0d) Importer(815301076,1909f56bfc062723c751e8b465ee728b)
Start importing Assets/task4/Materials/ShadingInWorldSpace.shader using Guid(34da587b038c8bf428db0eb5575f1f0d) Importer(815301076,1909f56bfc062723c751e8b465ee728b)  -> (artifact id: '941281b8b1f18c376f571e968084a7c3') in 0.005356 seconds 
  Import took 0.008084 seconds .

========================================================================
Received Import Request.
  Time since last request: 242.105859 seconds.
  path: Assets/task4/Materials/ShadingInWorldSpace.shader
  artifactKey: Guid(34da587b038c8bf428db0eb5575f1f0d) Importer(815301076,1909f56bfc062723c751e8b465ee728b)
Start importing Assets/task4/Materials/ShadingInWorldSpace.shader using Guid(34da587b038c8bf428db0eb5575f1f0d) Importer(815301076,1909f56bfc062723c751e8b465ee728b)  -> (artifact id: '761f0cb1c79b6bedbf0056c2038cfeaf') in 0.008415 seconds 
  Import took 0.011660 seconds .

========================================================================
Received Import Request.
  Time since last request: 7.615129 seconds.
  path: Assets/task4/ShadingInWorldSpace.cs
  artifactKey: Guid(e8afbbe98cc2f754d8d7f32ac608fc1c) Importer(815301076,1909f56bfc062723c751e8b465ee728b)
Start importing Assets/task4/ShadingInWorldSpace.cs using Guid(e8afbbe98cc2f754d8d7f32ac608fc1c) Importer(815301076,1909f56bfc062723c751e8b465ee728b)  -> (artifact id: 'e7b5960809529ccfdaacd53291c5e886') in 0.017328 seconds 
  Import took 0.019538 seconds .

========================================================================
Received Prepare
Registering precompiled user dll's ...
Registered in 0.006292 seconds.
Begin MonoManager ReloadAssembly
Native extension for WindowsStandalone target not found
Refreshing native plugins compatible for Editor in 0.32 ms, found 2 plugins.
Preloading 0 native plugins for Editor in 0.00 ms.
Mono: successfully reloaded assembly
- Completed reload, in  0.971 seconds
Domain Reload Profiling:
	ReloadAssembly (971ms)
		BeginReloadAssembly (146ms)
			ExecutionOrderSort (0ms)
			DisableScriptedObjects (5ms)
			BackupInstance (0ms)
			ReleaseScriptingObjects (0ms)
			CreateAndSetChildDomain (52ms)
		EndReloadAssembly (760ms)
			LoadAssemblies (95ms)
			RebuildTransferFunctionScriptingTraits (0ms)
			SetupTypeCache (272ms)
			ReleaseScriptCaches (1ms)
			RebuildScriptCaches (37ms)
			SetupLoadedEditorAssemblies (276ms)
				LogAssemblyErrors (0ms)
				InitializePlatformSupportModulesInManaged (4ms)
				SetLoadedEditorAssemblies (1ms)
				RefreshPlugins (0ms)
				BeforeProcessingInitializeOnLoad (69ms)
				ProcessInitializeOnLoadAttributes (188ms)
				ProcessInitializeOnLoadMethodAttributes (8ms)
				AfterProcessingInitializeOnLoad (6ms)
				EditorAssembliesLoaded (0ms)
			ExecutionOrderSort2 (0ms)
			AwakeInstancesAfterBackupRestoration (6ms)
Platform modules already initialized, skipping
Refreshing native plugins compatible for Editor in 0.32 ms, found 2 plugins.
Preloading 0 native plugins for Editor in 0.00 ms.
Unloading 1499 Unused Serialized files (Serialized files now loaded: 0)
System memory in use before: 72.1 MB.
System memory in use after: 72.2 MB.

Unloading 15 unused Assets to reduce memory usage. Loaded Objects now: 1979.
Total: 2.467700 ms (FindLiveObjects: 0.138400 ms CreateObjectMapping: 0.040400 ms MarkObjects: 2.243100 ms  DeleteObjects: 0.044900 ms)

AssetImportParameters requested are different than current active one (requested -> active):
  custom:framework-win-MediaFoundation: 216162199b28c13a410421893ffa2e32 -> 
  custom:video-decoder-ogg-theora: a1e56fd34408186e4bbccfd4996cb3dc -> 
  custom:container-muxer-webm: aa71ff27fc2769a1b78a27578f13a17b -> 
  custom:container-demuxer-webm: 4f35f7cbe854078d1ac9338744f61a02 -> 
  custom:container-demuxer-ogg: 62fdf1f143b41e24485cea50d1cbac27 -> 
  custom:video-encoder-webm-vp8: eb34c28f22e8b96e1ab97ce403110664 -> 
  custom:video-decoder-webm-vp8: 9c59270c3fd7afecdb556c50c9e8de78 -> 
  custom:audio-decoder-ogg-vorbis: bf7c407c2cedff20999df2af8eb42d56 -> 
  custom:audio-encoder-webm-vorbis: bf7c407c2cedff20999df2af8eb42d56 -> 
========================================================================
Received Import Request.
  Time since last request: 8.914379 seconds.
  path: Assets/task4/Scripts
  artifactKey: Guid(d0a96d8b53dc6454caf88cb19d907a58) Importer(815301076,1909f56bfc062723c751e8b465ee728b)
Start importing Assets/task4/Scripts using Guid(d0a96d8b53dc6454caf88cb19d907a58) Importer(815301076,1909f56bfc062723c751e8b465ee728b)  -> (artifact id: '1721657c38dcd162c4e6590dc6b8db29') in 0.014276 seconds 
  Import took 0.017385 seconds .

========================================================================
Received Prepare
Registering precompiled user dll's ...
Registered in 0.006206 seconds.
Begin MonoManager ReloadAssembly
Native extension for WindowsStandalone target not found
Refreshing native plugins compatible for Editor in 0.31 ms, found 2 plugins.
Preloading 0 native plugins for Editor in 0.00 ms.
Mono: successfully reloaded assembly
- Completed reload, in  0.915 seconds
Domain Reload Profiling:
	ReloadAssembly (916ms)
		BeginReloadAssembly (116ms)
			ExecutionOrderSort (0ms)
			DisableScriptedObjects (7ms)
			BackupInstance (0ms)
			ReleaseScriptingObjects (0ms)
			CreateAndSetChildDomain (29ms)
		EndReloadAssembly (737ms)
			LoadAssemblies (84ms)
			RebuildTransferFunctionScriptingTraits (0ms)
			SetupTypeCache (258ms)
			ReleaseScriptCaches (1ms)
			RebuildScriptCaches (40ms)
			SetupLoadedEditorAssemblies (265ms)
				LogAssemblyErrors (0ms)
				InitializePlatformSupportModulesInManaged (4ms)
				SetLoadedEditorAssemblies (1ms)
				RefreshPlugins (0ms)
				BeforeProcessingInitializeOnLoad (70ms)
				ProcessInitializeOnLoadAttributes (176ms)
				ProcessInitializeOnLoadMethodAttributes (9ms)
				AfterProcessingInitializeOnLoad (6ms)
				EditorAssembliesLoaded (0ms)
			ExecutionOrderSort2 (0ms)
			AwakeInstancesAfterBackupRestoration (6ms)
Platform modules already initialized, skipping
Refreshing native plugins compatible for Editor in 0.67 ms, found 2 plugins.
Preloading 0 native plugins for Editor in 0.00 ms.
Unloading 1496 Unused Serialized files (Serialized files now loaded: 0)
System memory in use before: 71.9 MB.
System memory in use after: 72.0 MB.

Unloading 15 unused Assets to reduce memory usage. Loaded Objects now: 1981.
Total: 2.630400 ms (FindLiveObjects: 0.133400 ms CreateObjectMapping: 0.043400 ms MarkObjects: 2.406600 ms  DeleteObjects: 0.046000 ms)

AssetImportParameters requested are different than current active one (requested -> active):
  custom:framework-win-MediaFoundation: 216162199b28c13a410421893ffa2e32 -> 
  custom:video-decoder-ogg-theora: a1e56fd34408186e4bbccfd4996cb3dc -> 
  custom:container-muxer-webm: aa71ff27fc2769a1b78a27578f13a17b -> 
  custom:container-demuxer-webm: 4f35f7cbe854078d1ac9338744f61a02 -> 
  custom:container-demuxer-ogg: 62fdf1f143b41e24485cea50d1cbac27 -> 
  custom:video-encoder-webm-vp8: eb34c28f22e8b96e1ab97ce403110664 -> 
  custom:video-decoder-webm-vp8: 9c59270c3fd7afecdb556c50c9e8de78 -> 
  custom:audio-decoder-ogg-vorbis: bf7c407c2cedff20999df2af8eb42d56 -> 
  custom:audio-encoder-webm-vorbis: bf7c407c2cedff20999df2af8eb42d56 -> 
========================================================================
Received Import Request.
  Time since last request: 14.905483 seconds.
  path: Assets/task4/Scripts/ShadingInWorldSpace.cs
  artifactKey: Guid(e8afbbe98cc2f754d8d7f32ac608fc1c) Importer(815301076,1909f56bfc062723c751e8b465ee728b)
Start importing Assets/task4/Scripts/ShadingInWorldSpace.cs using Guid(e8afbbe98cc2f754d8d7f32ac608fc1c) Importer(815301076,1909f56bfc062723c751e8b465ee728b)  -> (artifact id: '4984ab47b75db98823ececa1890e5936') in 0.010762 seconds 
  Import took 0.012993 seconds .

========================================================================
Received Prepare
Registering precompiled user dll's ...
Registered in 0.005116 seconds.
Begin MonoManager ReloadAssembly
Native extension for WindowsStandalone target not found
Refreshing native plugins compatible for Editor in 0.32 ms, found 2 plugins.
Preloading 0 native plugins for Editor in 0.00 ms.
Mono: successfully reloaded assembly
- Completed reload, in  0.893 seconds
Domain Reload Profiling:
	ReloadAssembly (893ms)
		BeginReloadAssembly (98ms)
			ExecutionOrderSort (0ms)
			DisableScriptedObjects (5ms)
			BackupInstance (0ms)
			ReleaseScriptingObjects (0ms)
			CreateAndSetChildDomain (27ms)
		EndReloadAssembly (735ms)
			LoadAssemblies (77ms)
			RebuildTransferFunctionScriptingTraits (0ms)
			SetupTypeCache (272ms)
			ReleaseScriptCaches (1ms)
			RebuildScriptCaches (35ms)
			SetupLoadedEditorAssemblies (260ms)
				LogAssemblyErrors (0ms)
				InitializePlatformSupportModulesInManaged (4ms)
				SetLoadedEditorAssemblies (0ms)
				RefreshPlugins (0ms)
				BeforeProcessingInitializeOnLoad (68ms)
				ProcessInitializeOnLoadAttributes (172ms)
				ProcessInitializeOnLoadMethodAttributes (9ms)
				AfterProcessingInitializeOnLoad (6ms)
				EditorAssembliesLoaded (0ms)
			ExecutionOrderSort2 (0ms)
			AwakeInstancesAfterBackupRestoration (6ms)
Platform modules already initialized, skipping
Refreshing native plugins compatible for Editor in 0.31 ms, found 2 plugins.
Preloading 0 native plugins for Editor in 0.00 ms.
Unloading 1496 Unused Serialized files (Serialized files now loaded: 0)
System memory in use before: 71.9 MB.
System memory in use after: 72.0 MB.

Unloading 15 unused Assets to reduce memory usage. Loaded Objects now: 1983.
Total: 2.910000 ms (FindLiveObjects: 0.146200 ms CreateObjectMapping: 0.042200 ms MarkObjects: 2.680400 ms  DeleteObjects: 0.040100 ms)

AssetImportParameters requested are different than current active one (requested -> active):
  custom:framework-win-MediaFoundation: 216162199b28c13a410421893ffa2e32 -> 
  custom:video-decoder-ogg-theora: a1e56fd34408186e4bbccfd4996cb3dc -> 
  custom:container-muxer-webm: aa71ff27fc2769a1b78a27578f13a17b -> 
  custom:container-demuxer-webm: 4f35f7cbe854078d1ac9338744f61a02 -> 
  custom:container-demuxer-ogg: 62fdf1f143b41e24485cea50d1cbac27 -> 
  custom:video-encoder-webm-vp8: eb34c28f22e8b96e1ab97ce403110664 -> 
  custom:video-decoder-webm-vp8: 9c59270c3fd7afecdb556c50c9e8de78 -> 
  custom:audio-decoder-ogg-vorbis: bf7c407c2cedff20999df2af8eb42d56 -> 
  custom:audio-encoder-webm-vorbis: bf7c407c2cedff20999df2af8eb42d56 -> 
AssetImportWorkerClient::OnTransportError - code=2 error=End of file
