Using pre-set license
Built from '2020.3/staging' branch; Version is '2020.3.22f1 (e1a7f79fd887) revision 14788599'; Using compiler version '192528614'; Build Type 'Release'
OS: 'Windows 10 Pro; OS build 22000.346; Version 2009; 64bit' Language: 'en' Physical Memory: 16190 MB
BatchMode: 1, IsHumanControllingUs: 0, StartBugReporterOnCrash: 0, Is64bit: 1, IsPro: 0

COMMAND LINE ARGUMENTS:
C:\Program Files\Unity\Hub\Editor\2020.3.22f1\Editor\Unity.exe
-adb2
-batchMode
-noUpm
-name
AssetImportWorker0
-projectPath
C:/Users/andr/OneDrive/Dokumenter/University/VGIS/Semester 7/Computer Graphics Programming/L9 - Texturing/Exercise
-logFile
Logs/AssetImportWorker0.log
-srvPort
55053
Successfully changed project path to: C:/Users/andr/OneDrive/Dokumenter/University/VGIS/Semester 7/Computer Graphics Programming/L9 - Texturing/Exercise
C:/Users/andr/OneDrive/Dokumenter/University/VGIS/Semester 7/Computer Graphics Programming/L9 - Texturing/Exercise
Using Asset Import Pipeline V2.
Refreshing native plugins compatible for Editor in 28.48 ms, found 2 plugins.
Preloading 0 native plugins for Editor in 0.00 ms.
Initialize engine version: 2020.3.22f1 (e1a7f79fd887)
[Subsystems] Discovering subsystems at path C:/Program Files/Unity/Hub/Editor/2020.3.22f1/Editor/Data/Resources/UnitySubsystems
[Subsystems] Discovering subsystems at path C:/Users/andr/OneDrive/Dokumenter/University/VGIS/Semester 7/Computer Graphics Programming/L9 - Texturing/Exercise/Assets
GfxDevice: creating device client; threaded=0
Direct3D:
    Version:  Direct3D 11.0 [level 11.1]
    Renderer: NVIDIA GeForce RTX 2060 (ID=0x1f11)
    Vendor:   
    VRAM:     5980 MB
    Driver:   30.0.15.1006
Initialize mono
Mono path[0] = 'C:/Program Files/Unity/Hub/Editor/2020.3.22f1/Editor/Data/Managed'
Mono path[1] = 'C:/Program Files/Unity/Hub/Editor/2020.3.22f1/Editor/Data/MonoBleedingEdge/lib/mono/unityjit'
Mono config path = 'C:/Program Files/Unity/Hub/Editor/2020.3.22f1/Editor/Data/MonoBleedingEdge/etc'
Using monoOptions --debugger-agent=transport=dt_socket,embedding=1,server=y,suspend=n,address=127.0.0.1:56380
Begin MonoManager ReloadAssembly
Registering precompiled unity dll's ...
Register platform support module: C:/Program Files/Unity/Hub/Editor/2020.3.22f1/Editor/Data/PlaybackEngines/WindowsStandaloneSupport/UnityEditor.WindowsStandalone.Extensions.dll
Registered in 0.001552 seconds.
Native extension for WindowsStandalone target not found
Refreshing native plugins compatible for Editor in 25.54 ms, found 2 plugins.
Preloading 0 native plugins for Editor in 0.00 ms.
Mono: successfully reloaded assembly
- Completed reload, in  1.016 seconds
Domain Reload Profiling:
	ReloadAssembly (1016ms)
		BeginReloadAssembly (47ms)
			ExecutionOrderSort (0ms)
			DisableScriptedObjects (0ms)
			BackupInstance (0ms)
			ReleaseScriptingObjects (0ms)
			CreateAndSetChildDomain (1ms)
		EndReloadAssembly (396ms)
			LoadAssemblies (45ms)
			RebuildTransferFunctionScriptingTraits (0ms)
			SetupTypeCache (139ms)
			ReleaseScriptCaches (0ms)
			RebuildScriptCaches (29ms)
			SetupLoadedEditorAssemblies (145ms)
				LogAssemblyErrors (0ms)
				InitializePlatformSupportModulesInManaged (3ms)
				SetLoadedEditorAssemblies (0ms)
				RefreshPlugins (26ms)
				BeforeProcessingInitializeOnLoad (14ms)
				ProcessInitializeOnLoadAttributes (76ms)
				ProcessInitializeOnLoadMethodAttributes (25ms)
				AfterProcessingInitializeOnLoad (0ms)
				EditorAssembliesLoaded (0ms)
			ExecutionOrderSort2 (0ms)
			AwakeInstancesAfterBackupRestoration (0ms)
Platform modules already initialized, skipping
Registering precompiled user dll's ...
Registered in 0.005078 seconds.
Begin MonoManager ReloadAssembly
Native extension for WindowsStandalone target not found
Refreshing native plugins compatible for Editor in 0.31 ms, found 2 plugins.
Preloading 0 native plugins for Editor in 0.00 ms.
Mono: successfully reloaded assembly
- Completed reload, in  0.976 seconds
Domain Reload Profiling:
	ReloadAssembly (976ms)
		BeginReloadAssembly (132ms)
			ExecutionOrderSort (0ms)
			DisableScriptedObjects (4ms)
			BackupInstance (0ms)
			ReleaseScriptingObjects (0ms)
			CreateAndSetChildDomain (17ms)
		EndReloadAssembly (789ms)
			LoadAssemblies (80ms)
			RebuildTransferFunctionScriptingTraits (0ms)
			SetupTypeCache (293ms)
			ReleaseScriptCaches (0ms)
			RebuildScriptCaches (39ms)
			SetupLoadedEditorAssemblies (283ms)
				LogAssemblyErrors (0ms)
				InitializePlatformSupportModulesInManaged (5ms)
				SetLoadedEditorAssemblies (0ms)
				RefreshPlugins (0ms)
				BeforeProcessingInitializeOnLoad (72ms)
				ProcessInitializeOnLoadAttributes (192ms)
				ProcessInitializeOnLoadMethodAttributes (9ms)
				AfterProcessingInitializeOnLoad (5ms)
				EditorAssembliesLoaded (0ms)
			ExecutionOrderSort2 (0ms)
			AwakeInstancesAfterBackupRestoration (6ms)
Platform modules already initialized, skipping
========================================================================
Worker process is ready to serve import requests
Launched and connected shader compiler UnityShaderCompiler.exe after 0.07 seconds
Refreshing native plugins compatible for Editor in 0.54 ms, found 2 plugins.
Preloading 0 native plugins for Editor in 0.00 ms.
Unloading 1492 Unused Serialized files (Serialized files now loaded: 0)
System memory in use before: 69.1 MB.
System memory in use after: 69.2 MB.

Unloading 19 unused Assets to reduce memory usage. Loaded Objects now: 1926.
Total: 3.371400 ms (FindLiveObjects: 0.144900 ms CreateObjectMapping: 0.041900 ms MarkObjects: 3.118100 ms  DeleteObjects: 0.065400 ms)

AssetImportParameters requested are different than current active one (requested -> active):
  custom:framework-win-MediaFoundation: 216162199b28c13a410421893ffa2e32 -> 
  custom:video-decoder-ogg-theora: a1e56fd34408186e4bbccfd4996cb3dc -> 
  custom:container-muxer-webm: aa71ff27fc2769a1b78a27578f13a17b -> 
  custom:container-demuxer-webm: 4f35f7cbe854078d1ac9338744f61a02 -> 
  custom:container-demuxer-ogg: 62fdf1f143b41e24485cea50d1cbac27 -> 
  custom:video-encoder-webm-vp8: eb34c28f22e8b96e1ab97ce403110664 -> 
  custom:video-decoder-webm-vp8: 9c59270c3fd7afecdb556c50c9e8de78 -> 
  custom:audio-decoder-ogg-vorbis: bf7c407c2cedff20999df2af8eb42d56 -> 
  custom:audio-encoder-webm-vorbis: bf7c407c2cedff20999df2af8eb42d56 -> 
========================================================================
Received Import Request.
  path: Assets/Materials_Shaders/glossy_texture.mat
  artifactKey: Guid(fc4ebfab51fe58d4d93a96b775a34eeb) Importer(815301076,1909f56bfc062723c751e8b465ee728b)
Start importing Assets/Materials_Shaders/glossy_texture.mat using Guid(fc4ebfab51fe58d4d93a96b775a34eeb) Importer(815301076,1909f56bfc062723c751e8b465ee728b)  -> (artifact id: '57888ac0dae97da943fbb95aa95d684d') in 0.119160 seconds 
  Import took 0.123962 seconds .

========================================================================
Received Import Request.
  Time since last request: 10.520665 seconds.
  path: Assets/Materials_Shaders/transparent_texture.mat
  artifactKey: Guid(36ba17fc18dbea748b989b9ef7275846) Importer(815301076,1909f56bfc062723c751e8b465ee728b)
Start importing Assets/Materials_Shaders/transparent_texture.mat using Guid(36ba17fc18dbea748b989b9ef7275846) Importer(815301076,1909f56bfc062723c751e8b465ee728b)  -> (artifact id: '77d9ee8b1230a5cfd2190258581f1d04') in 0.024852 seconds 
  Import took 0.030954 seconds .

========================================================================
Received Import Request.
  Time since last request: 10.201812 seconds.
  path: Assets/Materials_Shaders/transparent_texture.shader
  artifactKey: Guid(c241732df40315b4fadf652eff929125) Importer(815301076,1909f56bfc062723c751e8b465ee728b)
Start importing Assets/Materials_Shaders/transparent_texture.shader using Guid(c241732df40315b4fadf652eff929125) Importer(815301076,1909f56bfc062723c751e8b465ee728b)  -> (artifact id: '95a605cbaec8ffd350f8c4cfc4e8f9a8') in 0.013071 seconds 
  Import took 0.019725 seconds .

========================================================================
Received Import Request.
  Time since last request: 455.344522 seconds.
  path: Assets/Materials_Shaders/transparent_texture.shader
  artifactKey: Guid(c241732df40315b4fadf652eff929125) Importer(815301076,1909f56bfc062723c751e8b465ee728b)
Start importing Assets/Materials_Shaders/transparent_texture.shader using Guid(c241732df40315b4fadf652eff929125) Importer(815301076,1909f56bfc062723c751e8b465ee728b)  -> (artifact id: '77dd0ff0d4b424883e64c3edc1966357') in 0.005583 seconds 
  Import took 0.010655 seconds .

========================================================================
Received Import Request.
  Time since last request: 14.149471 seconds.
  path: Assets/Materials_Shaders/transparent_texture_discard.shader
  artifactKey: Guid(c241732df40315b4fadf652eff929125) Importer(815301076,1909f56bfc062723c751e8b465ee728b)
Start importing Assets/Materials_Shaders/transparent_texture_discard.shader using Guid(c241732df40315b4fadf652eff929125) Importer(815301076,1909f56bfc062723c751e8b465ee728b)  -> (artifact id: '8ca01d9c45e735cc6ccdabe2e23f086a') in 0.012745 seconds 
  Import took 0.017565 seconds .

========================================================================
Received Import Request.
  Time since last request: 6.051811 seconds.
  path: Assets/Materials_Shaders/transparent_texture_discard.mat
  artifactKey: Guid(36ba17fc18dbea748b989b9ef7275846) Importer(815301076,1909f56bfc062723c751e8b465ee728b)
Start importing Assets/Materials_Shaders/transparent_texture_discard.mat using Guid(36ba17fc18dbea748b989b9ef7275846) Importer(815301076,1909f56bfc062723c751e8b465ee728b)  -> (artifact id: 'f4bbb3d6019d11e6acd22b9b910d3728') in 0.028587 seconds 
  Import took 0.031584 seconds .

========================================================================
Received Import Request.
  Time since last request: 8.546137 seconds.
  path: Assets/Materials_Shaders/transparent_texture.shader
  artifactKey: Guid(7bc7ae44d6b1bb14d8616463b6f98033) Importer(815301076,1909f56bfc062723c751e8b465ee728b)
Start importing Assets/Materials_Shaders/transparent_texture.shader using Guid(7bc7ae44d6b1bb14d8616463b6f98033) Importer(815301076,1909f56bfc062723c751e8b465ee728b)  -> (artifact id: '023dd712a5721c9fc37707b8f4e0c303') in 0.004640 seconds 
  Import took 0.008701 seconds .

========================================================================
Received Import Request.
  Time since last request: 16.572333 seconds.
  path: Assets/Materials_Shaders/transparent_texture_discard.shader
  artifactKey: Guid(c241732df40315b4fadf652eff929125) Importer(815301076,1909f56bfc062723c751e8b465ee728b)
Start importing Assets/Materials_Shaders/transparent_texture_discard.shader using Guid(c241732df40315b4fadf652eff929125) Importer(815301076,1909f56bfc062723c751e8b465ee728b)  -> (artifact id: 'ebfb4ade918b500b8a92102bd8ee248e') in 0.004255 seconds 
  Import took 0.007581 seconds .

========================================================================
Received Import Request.
  Time since last request: 27.758795 seconds.
  path: Assets/Materials_Shaders/transparent_texture_blend.shader
  artifactKey: Guid(7bc7ae44d6b1bb14d8616463b6f98033) Importer(815301076,1909f56bfc062723c751e8b465ee728b)
Start importing Assets/Materials_Shaders/transparent_texture_blend.shader using Guid(7bc7ae44d6b1bb14d8616463b6f98033) Importer(815301076,1909f56bfc062723c751e8b465ee728b)  -> (artifact id: 'afb3bd14f46ca76635a71cae2f415665') in 0.011756 seconds 
  Import took 0.015389 seconds .

========================================================================
Received Import Request.
  Time since last request: 14.485999 seconds.
  path: Assets/Materials_Shaders/transparent_texture_blend.mat
  artifactKey: Guid(bfbc50c435d872a459148b67e0f382af) Importer(815301076,1909f56bfc062723c751e8b465ee728b)
Start importing Assets/Materials_Shaders/transparent_texture_blend.mat using Guid(bfbc50c435d872a459148b67e0f382af) Importer(815301076,1909f56bfc062723c751e8b465ee728b)  -> (artifact id: '8caff72133d21b6a5fa32ad672935a28') in 0.015483 seconds 
  Import took 0.021219 seconds .

========================================================================
Received Import Request.
  Time since last request: 40.593413 seconds.
  path: Assets/Materials_Shaders/transparent_texture_blend.shader
  artifactKey: Guid(7bc7ae44d6b1bb14d8616463b6f98033) Importer(815301076,1909f56bfc062723c751e8b465ee728b)
Start importing Assets/Materials_Shaders/transparent_texture_blend.shader using Guid(7bc7ae44d6b1bb14d8616463b6f98033) Importer(815301076,1909f56bfc062723c751e8b465ee728b)  -> (artifact id: 'fd91edb641100d577c13788de19bf031') in 0.005007 seconds 
  Import took 0.009279 seconds .

AssetImportWorkerClient::OnTransportError - code=2 error=End of file
