Using pre-set license
Built from '2020.3/staging' branch; Version is '2020.3.22f1 (e1a7f79fd887) revision 14788599'; Using compiler version '192528614'; Build Type 'Release'
OS: 'Windows 10 Pro; OS build 22000.346; Version 2009; 64bit' Language: 'en' Physical Memory: 16190 MB
BatchMode: 1, IsHumanControllingUs: 0, StartBugReporterOnCrash: 0, Is64bit: 1, IsPro: 0

COMMAND LINE ARGUMENTS:
C:\Program Files\Unity\Hub\Editor\2020.3.22f1\Editor\Unity.exe
-adb2
-batchMode
-noUpm
-name
AssetImportWorker0
-projectPath
C:/github/computer_graphics_programming_exercises/L01 - Introduction/Exercise 1
-logFile
Logs/AssetImportWorker0.log
-srvPort
52815
Successfully changed project path to: C:/github/computer_graphics_programming_exercises/L01 - Introduction/Exercise 1
C:/github/computer_graphics_programming_exercises/L01 - Introduction/Exercise 1
Using Asset Import Pipeline V2.
Refreshing native plugins compatible for Editor in 28.00 ms, found 2 plugins.
Preloading 0 native plugins for Editor in 0.00 ms.
Initialize engine version: 2020.3.22f1 (e1a7f79fd887)
[Subsystems] Discovering subsystems at path C:/Program Files/Unity/Hub/Editor/2020.3.22f1/Editor/Data/Resources/UnitySubsystems
[Subsystems] Discovering subsystems at path C:/github/computer_graphics_programming_exercises/L01 - Introduction/Exercise 1/Assets
GfxDevice: creating device client; threaded=0
Direct3D:
    Version:  Direct3D 11.0 [level 11.1]
    Renderer: NVIDIA GeForce RTX 2060 (ID=0x1f11)
    Vendor:   
    VRAM:     5980 MB
    Driver:   30.0.15.1006
Initialize mono
Mono path[0] = 'C:/Program Files/Unity/Hub/Editor/2020.3.22f1/Editor/Data/Managed'
Mono path[1] = 'C:/Program Files/Unity/Hub/Editor/2020.3.22f1/Editor/Data/MonoBleedingEdge/lib/mono/unityjit'
Mono config path = 'C:/Program Files/Unity/Hub/Editor/2020.3.22f1/Editor/Data/MonoBleedingEdge/etc'
Using monoOptions --debugger-agent=transport=dt_socket,embedding=1,server=y,suspend=n,address=127.0.0.1:56124
Begin MonoManager ReloadAssembly
Registering precompiled unity dll's ...
Register platform support module: C:/Program Files/Unity/Hub/Editor/2020.3.22f1/Editor/Data/PlaybackEngines/WindowsStandaloneSupport/UnityEditor.WindowsStandalone.Extensions.dll
Registered in 0.001294 seconds.
Native extension for WindowsStandalone target not found
Refreshing native plugins compatible for Editor in 27.61 ms, found 2 plugins.
Preloading 0 native plugins for Editor in 0.00 ms.
Mono: successfully reloaded assembly
- Completed reload, in  0.973 seconds
Domain Reload Profiling:
	ReloadAssembly (973ms)
		BeginReloadAssembly (48ms)
			ExecutionOrderSort (0ms)
			DisableScriptedObjects (0ms)
			BackupInstance (0ms)
			ReleaseScriptingObjects (0ms)
			CreateAndSetChildDomain (1ms)
		EndReloadAssembly (405ms)
			LoadAssemblies (47ms)
			RebuildTransferFunctionScriptingTraits (0ms)
			SetupTypeCache (142ms)
			ReleaseScriptCaches (0ms)
			RebuildScriptCaches (30ms)
			SetupLoadedEditorAssemblies (149ms)
				LogAssemblyErrors (0ms)
				InitializePlatformSupportModulesInManaged (4ms)
				SetLoadedEditorAssemblies (0ms)
				RefreshPlugins (28ms)
				BeforeProcessingInitializeOnLoad (15ms)
				ProcessInitializeOnLoadAttributes (77ms)
				ProcessInitializeOnLoadMethodAttributes (26ms)
				AfterProcessingInitializeOnLoad (0ms)
				EditorAssembliesLoaded (0ms)
			ExecutionOrderSort2 (0ms)
			AwakeInstancesAfterBackupRestoration (0ms)
Platform modules already initialized, skipping
Registering precompiled user dll's ...
Registered in 0.003710 seconds.
Begin MonoManager ReloadAssembly
Native extension for WindowsStandalone target not found
Refreshing native plugins compatible for Editor in 0.31 ms, found 2 plugins.
Preloading 0 native plugins for Editor in 0.00 ms.
Mono: successfully reloaded assembly
- Completed reload, in  0.943 seconds
Domain Reload Profiling:
	ReloadAssembly (943ms)
		BeginReloadAssembly (136ms)
			ExecutionOrderSort (0ms)
			DisableScriptedObjects (5ms)
			BackupInstance (0ms)
			ReleaseScriptingObjects (0ms)
			CreateAndSetChildDomain (18ms)
		EndReloadAssembly (751ms)
			LoadAssemblies (74ms)
			RebuildTransferFunctionScriptingTraits (0ms)
			SetupTypeCache (270ms)
			ReleaseScriptCaches (0ms)
			RebuildScriptCaches (39ms)
			SetupLoadedEditorAssemblies (281ms)
				LogAssemblyErrors (0ms)
				InitializePlatformSupportModulesInManaged (4ms)
				SetLoadedEditorAssemblies (0ms)
				RefreshPlugins (0ms)
				BeforeProcessingInitializeOnLoad (72ms)
				ProcessInitializeOnLoadAttributes (191ms)
				ProcessInitializeOnLoadMethodAttributes (8ms)
				AfterProcessingInitializeOnLoad (5ms)
				EditorAssembliesLoaded (0ms)
			ExecutionOrderSort2 (0ms)
			AwakeInstancesAfterBackupRestoration (6ms)
Platform modules already initialized, skipping
========================================================================
Worker process is ready to serve import requests
Launched and connected shader compiler UnityShaderCompiler.exe after 0.07 seconds
Refreshing native plugins compatible for Editor in 0.50 ms, found 2 plugins.
Preloading 0 native plugins for Editor in 0.00 ms.
Unloading 1489 Unused Serialized files (Serialized files now loaded: 0)
System memory in use before: 81.8 MB.
System memory in use after: 81.8 MB.

Unloading 19 unused Assets to reduce memory usage. Loaded Objects now: 1939.
Total: 3.106000 ms (FindLiveObjects: 0.128700 ms CreateObjectMapping: 0.040300 ms MarkObjects: 2.869900 ms  DeleteObjects: 0.065700 ms)

AssetImportParameters requested are different than current active one (requested -> active):
  custom:framework-win-MediaFoundation: 216162199b28c13a410421893ffa2e32 -> 
  custom:video-decoder-ogg-theora: a1e56fd34408186e4bbccfd4996cb3dc -> 
  custom:container-muxer-webm: aa71ff27fc2769a1b78a27578f13a17b -> 
  custom:container-demuxer-webm: 4f35f7cbe854078d1ac9338744f61a02 -> 
  custom:container-demuxer-ogg: 62fdf1f143b41e24485cea50d1cbac27 -> 
  custom:video-encoder-webm-vp8: eb34c28f22e8b96e1ab97ce403110664 -> 
  custom:video-decoder-webm-vp8: 9c59270c3fd7afecdb556c50c9e8de78 -> 
  custom:audio-decoder-ogg-vorbis: bf7c407c2cedff20999df2af8eb42d56 -> 
  custom:audio-encoder-webm-vorbis: bf7c407c2cedff20999df2af8eb42d56 -> 
========================================================================
Received Import Request.
  path: Assets/task7/materials
  artifactKey: Guid(576339de5bbb30941b3e6e13bb171e47) Importer(815301076,1909f56bfc062723c751e8b465ee728b)
Start importing Assets/task7/materials using Guid(576339de5bbb30941b3e6e13bb171e47) Importer(815301076,1909f56bfc062723c751e8b465ee728b)  -> (artifact id: '7cf1c7a5ba1173c52835257a4e9e98e7') in 0.009106 seconds 
  Import took 0.011088 seconds .

========================================================================
Received Import Request.
  Time since last request: 4.228122 seconds.
  path: Assets/task7/materials/task7_material.mat
  artifactKey: Guid(a6efaa669bc6a314d996e72fc096411e) Importer(815301076,1909f56bfc062723c751e8b465ee728b)
Start importing Assets/task7/materials/task7_material.mat using Guid(a6efaa669bc6a314d996e72fc096411e) Importer(815301076,1909f56bfc062723c751e8b465ee728b)  -> (artifact id: '421653a3e0814ff5e1f7975dc326b583') in 0.112013 seconds 
  Import took 0.114214 seconds .

========================================================================
Received Import Request.
  Time since last request: 3.775758 seconds.
  path: Assets/task7/textures
  artifactKey: Guid(75834ee9ec40d2a45ae447b2103ac98e) Importer(815301076,1909f56bfc062723c751e8b465ee728b)
Start importing Assets/task7/textures using Guid(75834ee9ec40d2a45ae447b2103ac98e) Importer(815301076,1909f56bfc062723c751e8b465ee728b)  -> (artifact id: '2556ca68f628a02470cfda085a49cc8b') in 0.008824 seconds 
  Import took 0.011182 seconds .

========================================================================
Received Import Request.
  Time since last request: 0.037226 seconds.
  path: Assets/task7/textures/bddeb67851356a27d49a12d8876b14a31264a200.jpg
  artifactKey: Guid(cc6cfef478509c048876f2f9a18226d7) Importer(815301076,1909f56bfc062723c751e8b465ee728b)
Start importing Assets/task7/textures/bddeb67851356a27d49a12d8876b14a31264a200.jpg using Guid(cc6cfef478509c048876f2f9a18226d7) Importer(815301076,1909f56bfc062723c751e8b465ee728b)  -> (artifact id: '46ce21b9be253c0b75d5c0af399c0fa2') in 0.039308 seconds 
  Import took 0.041643 seconds .

========================================================================
Received Import Request.
  Time since last request: 26.629714 seconds.
  path: Assets/task7/textures/bddeb67851356a27d49a12d8876b14a31264a200.jpg
  artifactKey: Guid(cc6cfef478509c048876f2f9a18226d7) Importer(815301076,1909f56bfc062723c751e8b465ee728b)
Start importing Assets/task7/textures/bddeb67851356a27d49a12d8876b14a31264a200.jpg using Guid(cc6cfef478509c048876f2f9a18226d7) Importer(815301076,1909f56bfc062723c751e8b465ee728b)  -> (artifact id: '940ed6f877025cbfd643a07e09ae4fe2') in 0.031967 seconds 
  Import took 0.034340 seconds .

========================================================================
Received Import Request.
  Time since last request: 3271.839967 seconds.
  path: Assets/task7/materials/task7_material.mat
  artifactKey: Guid(a6efaa669bc6a314d996e72fc096411e) Importer(815301076,1909f56bfc062723c751e8b465ee728b)
Start importing Assets/task7/materials/task7_material.mat using Guid(a6efaa669bc6a314d996e72fc096411e) Importer(815301076,1909f56bfc062723c751e8b465ee728b)  -> (artifact id: '16b1a18f7d0652b82a6e71ad1276b8bc') in 0.055300 seconds 
  Import took 0.062884 seconds .

========================================================================
Received Import Request.
  Time since last request: 13.799896 seconds.
  path: Assets/task8/textures
  artifactKey: Guid(d96ad31fc238d8344a9901eb91ef0ff0) Importer(815301076,1909f56bfc062723c751e8b465ee728b)
Start importing Assets/task8/textures using Guid(d96ad31fc238d8344a9901eb91ef0ff0) Importer(815301076,1909f56bfc062723c751e8b465ee728b)  -> (artifact id: 'fefc22f2e63b62fa22bb856985de488b') in 0.003720 seconds 
  Import took 0.006719 seconds .

========================================================================
Received Import Request.
  Time since last request: 0.706733 seconds.
  path: Assets/task8/materials
  artifactKey: Guid(cc3f10dcf9428a74ab6c1eaa240c10d2) Importer(815301076,1909f56bfc062723c751e8b465ee728b)
Start importing Assets/task8/materials using Guid(cc3f10dcf9428a74ab6c1eaa240c10d2) Importer(815301076,1909f56bfc062723c751e8b465ee728b)  -> (artifact id: 'aefac40db00d2024834ca289b2ac64ed') in 0.003296 seconds 
  Import took 0.005731 seconds .

========================================================================
Received Import Request.
  Time since last request: 1.162695 seconds.
  path: Assets/task8/materials/task7_material.mat
  artifactKey: Guid(90ca34b191623954786f7eb7094afdea) Importer(815301076,1909f56bfc062723c751e8b465ee728b)
Start importing Assets/task8/materials/task7_material.mat using Guid(90ca34b191623954786f7eb7094afdea) Importer(815301076,1909f56bfc062723c751e8b465ee728b)  -> (artifact id: 'd8fd66ceadd65742475a6dd0ceff49b9') in 0.014068 seconds 
  Import took 0.016247 seconds .

========================================================================
Received Import Request.
  Time since last request: 8.629462 seconds.
  path: Assets/task8/materials/task8_material.mat
  artifactKey: Guid(ccfa7daea42c76a42b6280237aa3cf3a) Importer(815301076,1909f56bfc062723c751e8b465ee728b)
Start importing Assets/task8/materials/task8_material.mat using Guid(ccfa7daea42c76a42b6280237aa3cf3a) Importer(815301076,1909f56bfc062723c751e8b465ee728b)  -> (artifact id: '3c63420bbf9e33a0d17f15f1ba7cf27c') in 0.019044 seconds 
  Import took 0.021721 seconds .

========================================================================
Received Import Request.
  Time since last request: 1.454085 seconds.
  path: Assets/task8/textures/bddeb67851356a27d49a12d8876b14a31264a200.jpg
  artifactKey: Guid(0bedfc35571ccc64c8fcc769d4d5da81) Importer(815301076,1909f56bfc062723c751e8b465ee728b)
Start importing Assets/task8/textures/bddeb67851356a27d49a12d8876b14a31264a200.jpg using Guid(0bedfc35571ccc64c8fcc769d4d5da81) Importer(815301076,1909f56bfc062723c751e8b465ee728b)  -> (artifact id: 'afb32e2fe9fb92b66cb24d2352544e62') in 0.016357 seconds 
  Import took 0.018527 seconds .

========================================================================
Received Import Request.
  Time since last request: 73.245529 seconds.
  path: Assets/bddeb67851356a27d49a12d8876b14a31264a200.jpg
  artifactKey: Guid(68409f2938e0cd7498e4acdb585c6b33) Importer(815301076,1909f56bfc062723c751e8b465ee728b)
Start importing Assets/bddeb67851356a27d49a12d8876b14a31264a200.jpg using Guid(68409f2938e0cd7498e4acdb585c6b33) Importer(815301076,1909f56bfc062723c751e8b465ee728b)  -> (artifact id: 'ed13c1d84523e967f36b0acfabd18bd8') in 0.021331 seconds 
  Import took 0.023885 seconds .

========================================================================
Received Import Request.
  Time since last request: 33.006281 seconds.
  path: Assets/task8/textures/bddeb67851356a27d49a12d8876b14a31264a200.jpg
  artifactKey: Guid(68409f2938e0cd7498e4acdb585c6b33) Importer(815301076,1909f56bfc062723c751e8b465ee728b)
Start importing Assets/task8/textures/bddeb67851356a27d49a12d8876b14a31264a200.jpg using Guid(68409f2938e0cd7498e4acdb585c6b33) Importer(815301076,1909f56bfc062723c751e8b465ee728b)  -> (artifact id: '699fd6706423f48a8669182936e0f91d') in 0.022737 seconds 
  Import took 0.026015 seconds .

========================================================================
Received Import Request.
  Time since last request: 135.430472 seconds.
  path: Assets/task10/materials
  artifactKey: Guid(34675a7e45b802e429cdd38a7a4885fe) Importer(815301076,1909f56bfc062723c751e8b465ee728b)
Start importing Assets/task10/materials using Guid(34675a7e45b802e429cdd38a7a4885fe) Importer(815301076,1909f56bfc062723c751e8b465ee728b)  -> (artifact id: '058ace5925dc96d1e2916b9286ccf332') in 0.003170 seconds 
  Import took 0.006149 seconds .

========================================================================
Received Import Request.
  Time since last request: 7.370455 seconds.
  path: Assets/task10/materials/task10_material.mat
  artifactKey: Guid(b6fb2e31a7e073b4a93ddb50e94299f4) Importer(815301076,1909f56bfc062723c751e8b465ee728b)
Start importing Assets/task10/materials/task10_material.mat using Guid(b6fb2e31a7e073b4a93ddb50e94299f4) Importer(815301076,1909f56bfc062723c751e8b465ee728b)  -> (artifact id: 'c69454c3047fdd031d88619fe75e5b2b') in 0.020094 seconds 
  Import took 0.024078 seconds .

========================================================================
Received Import Request.
  Time since last request: 29.454845 seconds.
  path: Assets/task10/textures/bddeb67851356a27d49a12d8876b14a31264a200.jpg
  artifactKey: Guid(0400efaf9ddce8746968807ec3ab0706) Importer(815301076,1909f56bfc062723c751e8b465ee728b)
Start importing Assets/task10/textures/bddeb67851356a27d49a12d8876b14a31264a200.jpg using Guid(0400efaf9ddce8746968807ec3ab0706) Importer(815301076,1909f56bfc062723c751e8b465ee728b)  -> (artifact id: '284aef9369d3294d90e9b12f7d83edc9') in 0.018483 seconds 
  Import took 0.021769 seconds .

========================================================================
Received Import Request.
  Time since last request: 451.727985 seconds.
  path: Assets/task13/materials
  artifactKey: Guid(f653108b0f0c25e49b9683f17b21d7d3) Importer(815301076,1909f56bfc062723c751e8b465ee728b)
Start importing Assets/task13/materials using Guid(f653108b0f0c25e49b9683f17b21d7d3) Importer(815301076,1909f56bfc062723c751e8b465ee728b)  -> (artifact id: '350416ae89a1d130409c4d89e30a161c') in 0.003592 seconds 
  Import took 0.006668 seconds .

========================================================================
Received Import Request.
  Time since last request: 8.249206 seconds.
  path: Assets/task13/materials/task13_material.mat
  artifactKey: Guid(a2e1dff14b0778b4eb072f81335b0544) Importer(815301076,1909f56bfc062723c751e8b465ee728b)
Start importing Assets/task13/materials/task13_material.mat using Guid(a2e1dff14b0778b4eb072f81335b0544) Importer(815301076,1909f56bfc062723c751e8b465ee728b)  -> (artifact id: 'cdd88d862907b8ae6629b6b63a03c6e6') in 0.019378 seconds 
  Import took 0.021700 seconds .

========================================================================
Received Import Request.
  Time since last request: 45.310060 seconds.
  path: Assets/task13/materials/task13_material.mat
  artifactKey: Guid(a2e1dff14b0778b4eb072f81335b0544) Importer(815301076,1909f56bfc062723c751e8b465ee728b)
Start importing Assets/task13/materials/task13_material.mat using Guid(a2e1dff14b0778b4eb072f81335b0544) Importer(815301076,1909f56bfc062723c751e8b465ee728b)  -> (artifact id: '4706edc6f0019ef3d26f4207895db298') in 0.021592 seconds 
  Import took 0.024097 seconds .

AssetImportWorkerClient::OnTransportError - code=2 error=End of file
