Using pre-set license
Built from '2020.3/staging' branch; Version is '2020.3.24f1 (79c78de19888) revision 7980941'; Using compiler version '192528614'; Build Type 'Release'
OS: 'Windows 11  (10.0.22000) 64bit Professional' Language: 'en' Physical Memory: 16190 MB
BatchMode: 1, IsHumanControllingUs: 0, StartBugReporterOnCrash: 0, Is64bit: 1, IsPro: 0

COMMAND LINE ARGUMENTS:
C:\Program Files\Unity\Hub\Editor\2020.3.24f1\Editor\Unity.exe
-adb2
-batchMode
-noUpm
-name
AssetImportWorker0
-projectPath
C:/github/computer_graphics_programming_exercises/L04 - Scripting Orientations/Exercise
-logFile
Logs/AssetImportWorker0.log
-srvPort
63231
Successfully changed project path to: C:/github/computer_graphics_programming_exercises/L04 - Scripting Orientations/Exercise
C:/github/computer_graphics_programming_exercises/L04 - Scripting Orientations/Exercise
Using Asset Import Pipeline V2.
Refreshing native plugins compatible for Editor in 31.77 ms, found 2 plugins.
Preloading 0 native plugins for Editor in 0.00 ms.
Initialize engine version: 2020.3.24f1 (79c78de19888)
[Subsystems] Discovering subsystems at path C:/Program Files/Unity/Hub/Editor/2020.3.24f1/Editor/Data/Resources/UnitySubsystems
[Subsystems] Discovering subsystems at path C:/github/computer_graphics_programming_exercises/L04 - Scripting Orientations/Exercise/Assets
GfxDevice: creating device client; threaded=0
Direct3D:
    Version:  Direct3D 11.0 [level 11.1]
    Renderer: NVIDIA GeForce RTX 2060 (ID=0x1f11)
    Vendor:   
    VRAM:     5980 MB
    Driver:   30.0.15.1006
Initialize mono
Mono path[0] = 'C:/Program Files/Unity/Hub/Editor/2020.3.24f1/Editor/Data/Managed'
Mono path[1] = 'C:/Program Files/Unity/Hub/Editor/2020.3.24f1/Editor/Data/MonoBleedingEdge/lib/mono/unityjit'
Mono config path = 'C:/Program Files/Unity/Hub/Editor/2020.3.24f1/Editor/Data/MonoBleedingEdge/etc'
Using monoOptions --debugger-agent=transport=dt_socket,embedding=1,server=y,suspend=n,address=127.0.0.1:56484
Begin MonoManager ReloadAssembly
Registering precompiled unity dll's ...
Register platform support module: C:/Program Files/Unity/Hub/Editor/2020.3.24f1/Editor/Data/PlaybackEngines/WindowsStandaloneSupport/UnityEditor.WindowsStandalone.Extensions.dll
Registered in 0.001538 seconds.
Native extension for WindowsStandalone target not found
Refreshing native plugins compatible for Editor in 28.95 ms, found 2 plugins.
Preloading 0 native plugins for Editor in 0.00 ms.
Mono: successfully reloaded assembly
- Completed reload, in  0.524 seconds
Domain Reload Profiling:
	ReloadAssembly (525ms)
		BeginReloadAssembly (49ms)
			ExecutionOrderSort (0ms)
			DisableScriptedObjects (0ms)
			BackupInstance (0ms)
			ReleaseScriptingObjects (0ms)
			CreateAndSetChildDomain (1ms)
		EndReloadAssembly (406ms)
			LoadAssemblies (47ms)
			RebuildTransferFunctionScriptingTraits (0ms)
			SetupTypeCache (138ms)
			ReleaseScriptCaches (0ms)
			RebuildScriptCaches (29ms)
			SetupLoadedEditorAssemblies (152ms)
				LogAssemblyErrors (0ms)
				InitializePlatformSupportModulesInManaged (4ms)
				SetLoadedEditorAssemblies (0ms)
				RefreshPlugins (29ms)
				BeforeProcessingInitializeOnLoad (14ms)
				ProcessInitializeOnLoadAttributes (79ms)
				ProcessInitializeOnLoadMethodAttributes (25ms)
				AfterProcessingInitializeOnLoad (0ms)
				EditorAssembliesLoaded (0ms)
			ExecutionOrderSort2 (0ms)
			AwakeInstancesAfterBackupRestoration (0ms)
Platform modules already initialized, skipping
Registering precompiled user dll's ...
Registered in 0.004486 seconds.
Begin MonoManager ReloadAssembly
Native extension for WindowsStandalone target not found
Refreshing native plugins compatible for Editor in 0.30 ms, found 2 plugins.
Preloading 0 native plugins for Editor in 0.00 ms.
Mono: successfully reloaded assembly
- Completed reload, in  0.922 seconds
Domain Reload Profiling:
	ReloadAssembly (923ms)
		BeginReloadAssembly (132ms)
			ExecutionOrderSort (0ms)
			DisableScriptedObjects (4ms)
			BackupInstance (0ms)
			ReleaseScriptingObjects (0ms)
			CreateAndSetChildDomain (18ms)
		EndReloadAssembly (734ms)
			LoadAssemblies (76ms)
			RebuildTransferFunctionScriptingTraits (0ms)
			SetupTypeCache (256ms)
			ReleaseScriptCaches (0ms)
			RebuildScriptCaches (39ms)
			SetupLoadedEditorAssemblies (276ms)
				LogAssemblyErrors (0ms)
				InitializePlatformSupportModulesInManaged (4ms)
				SetLoadedEditorAssemblies (0ms)
				RefreshPlugins (0ms)
				BeforeProcessingInitializeOnLoad (72ms)
				ProcessInitializeOnLoadAttributes (185ms)
				ProcessInitializeOnLoadMethodAttributes (9ms)
				AfterProcessingInitializeOnLoad (5ms)
				EditorAssembliesLoaded (0ms)
			ExecutionOrderSort2 (0ms)
			AwakeInstancesAfterBackupRestoration (6ms)
Platform modules already initialized, skipping
========================================================================
Worker process is ready to serve import requests
Launched and connected shader compiler UnityShaderCompiler.exe after 0.08 seconds
Refreshing native plugins compatible for Editor in 0.30 ms, found 2 plugins.
Preloading 0 native plugins for Editor in 0.00 ms.
Unloading 1500 Unused Serialized files (Serialized files now loaded: 0)
System memory in use before: 68.0 MB.
System memory in use after: 68.0 MB.

Unloading 19 unused Assets to reduce memory usage. Loaded Objects now: 1932.
Total: 2.747100 ms (FindLiveObjects: 0.160800 ms CreateObjectMapping: 0.042200 ms MarkObjects: 2.475800 ms  DeleteObjects: 0.067300 ms)

AssetImportParameters requested are different than current active one (requested -> active):
  custom:framework-win-MediaFoundation: 216162199b28c13a410421893ffa2e32 -> 
  custom:video-decoder-ogg-theora: a1e56fd34408186e4bbccfd4996cb3dc -> 
  custom:container-muxer-webm: aa71ff27fc2769a1b78a27578f13a17b -> 
  custom:container-demuxer-webm: 4f35f7cbe854078d1ac9338744f61a02 -> 
  custom:container-demuxer-ogg: 62fdf1f143b41e24485cea50d1cbac27 -> 
  custom:video-encoder-webm-vp8: eb34c28f22e8b96e1ab97ce403110664 -> 
  custom:video-decoder-webm-vp8: 9c59270c3fd7afecdb556c50c9e8de78 -> 
  custom:audio-decoder-ogg-vorbis: bf7c407c2cedff20999df2af8eb42d56 -> 
  custom:audio-encoder-webm-vorbis: bf7c407c2cedff20999df2af8eb42d56 -> 
========================================================================
Received Import Request.
  path: Assets/Scenes
  artifactKey: Guid(ec0b9d13fbd470e4ca2b764394c910cb) Importer(815301076,1909f56bfc062723c751e8b465ee728b)
Start importing Assets/Scenes using Guid(ec0b9d13fbd470e4ca2b764394c910cb) Importer(815301076,1909f56bfc062723c751e8b465ee728b)  -> (artifact id: '6818b0d26718b133a292cd71066e8a1e') in 0.015417 seconds 
  Import took 0.018216 seconds .

========================================================================
Received Import Request.
  Time since last request: 0.000286 seconds.
  path: Assets
  artifactKey: Guid(00000000000000001000000000000000) Importer(815301076,1909f56bfc062723c751e8b465ee728b)
Start importing Assets using Guid(00000000000000001000000000000000) Importer(815301076,1909f56bfc062723c751e8b465ee728b)  -> (artifact id: '42d402b061de3733987d63b9cc3b64de') in 0.010089 seconds 
  Import took 0.012713 seconds .

========================================================================
Received Import Request.
  Time since last request: 9.693249 seconds.
  path: Assets/task1
  artifactKey: Guid(d25185902f97c614e9d4746e648cba8f) Importer(815301076,1909f56bfc062723c751e8b465ee728b)
Start importing Assets/task1 using Guid(d25185902f97c614e9d4746e648cba8f) Importer(815301076,1909f56bfc062723c751e8b465ee728b)  -> (artifact id: '031804fd029e4fe64bc145faf68fdb87') in 0.008210 seconds 
  Import took 0.010938 seconds .

========================================================================
Received Import Request.
  Time since last request: 9.016810 seconds.
  path: Assets/task1 1
  artifactKey: Guid(c38e6b99971320242b97cc2531949f7e) Importer(815301076,1909f56bfc062723c751e8b465ee728b)
Start importing Assets/task1 1 using Guid(c38e6b99971320242b97cc2531949f7e) Importer(815301076,1909f56bfc062723c751e8b465ee728b)  -> (artifact id: '9984a67941d3f97f9220237df3101918') in 0.009477 seconds 
  Import took 0.012202 seconds .

========================================================================
Received Import Request.
  Time since last request: 2.041842 seconds.
  path: Assets/task2
  artifactKey: Guid(c38e6b99971320242b97cc2531949f7e) Importer(815301076,1909f56bfc062723c751e8b465ee728b)
Start importing Assets/task2 using Guid(c38e6b99971320242b97cc2531949f7e) Importer(815301076,1909f56bfc062723c751e8b465ee728b)  -> (artifact id: '038159b43d162c322990d59104f6bd82') in 0.009688 seconds 
  Import took 0.012045 seconds .

========================================================================
Received Import Request.
  Time since last request: 1.312320 seconds.
  path: Assets/task1 2
  artifactKey: Guid(924fa73a9b76b004fb6f8c29276d1466) Importer(815301076,1909f56bfc062723c751e8b465ee728b)
Start importing Assets/task1 2 using Guid(924fa73a9b76b004fb6f8c29276d1466) Importer(815301076,1909f56bfc062723c751e8b465ee728b)  -> (artifact id: '1b4a3e5e4f5ebbb6a717f117213b658d') in 0.009958 seconds 
  Import took 0.011976 seconds .

========================================================================
Received Import Request.
  Time since last request: 1.474839 seconds.
  path: Assets/task3
  artifactKey: Guid(924fa73a9b76b004fb6f8c29276d1466) Importer(815301076,1909f56bfc062723c751e8b465ee728b)
Start importing Assets/task3 using Guid(924fa73a9b76b004fb6f8c29276d1466) Importer(815301076,1909f56bfc062723c751e8b465ee728b)  -> (artifact id: '52ca60e16628e7ab4776fc95099f8781') in 0.009238 seconds 
  Import took 0.011767 seconds .

========================================================================
Received Import Request.
  Time since last request: 0.624215 seconds.
  path: Assets/task1 3
  artifactKey: Guid(53406adf9c650a1489fb30487689c299) Importer(815301076,1909f56bfc062723c751e8b465ee728b)
Start importing Assets/task1 3 using Guid(53406adf9c650a1489fb30487689c299) Importer(815301076,1909f56bfc062723c751e8b465ee728b)  -> (artifact id: 'af4b7044cda27d1acdf252931a9ff2b7') in 0.011264 seconds 
  Import took 0.013288 seconds .

========================================================================
Received Import Request.
  Time since last request: 1.536602 seconds.
  path: Assets/task4
  artifactKey: Guid(53406adf9c650a1489fb30487689c299) Importer(815301076,1909f56bfc062723c751e8b465ee728b)
Start importing Assets/task4 using Guid(53406adf9c650a1489fb30487689c299) Importer(815301076,1909f56bfc062723c751e8b465ee728b)  -> (artifact id: '44f36a8cbd44d1a66bf9b562063d64f7') in 0.011035 seconds 
  Import took 0.013354 seconds .

========================================================================
Received Import Request.
  Time since last request: 6.768485 seconds.
  path: Assets/task1/task1.unity
  artifactKey: Guid(6e118909fbc1dfc41839135144bf1358) Importer(815301076,1909f56bfc062723c751e8b465ee728b)
Start importing Assets/task1/task1.unity using Guid(6e118909fbc1dfc41839135144bf1358) Importer(815301076,1909f56bfc062723c751e8b465ee728b)  -> (artifact id: '20fb826d5f64fdebf4fc343d273f2004') in 0.019795 seconds 
  Import took 0.021930 seconds .

========================================================================
Received Import Request.
  Time since last request: 17.027948 seconds.
  path: Assets/task1/Scripts
  artifactKey: Guid(2b1be6b9927a6aa4abf18fbcca6a01c0) Importer(815301076,1909f56bfc062723c751e8b465ee728b)
Start importing Assets/task1/Scripts using Guid(2b1be6b9927a6aa4abf18fbcca6a01c0) Importer(815301076,1909f56bfc062723c751e8b465ee728b)  -> (artifact id: '068cd5f0375a47f2b09cafdcf5b499b7') in 0.008191 seconds 
  Import took 0.010340 seconds .

========================================================================
Received Prepare
Registering precompiled user dll's ...
Registered in 0.004059 seconds.
Begin MonoManager ReloadAssembly
Native extension for WindowsStandalone target not found
Refreshing native plugins compatible for Editor in 0.31 ms, found 2 plugins.
Preloading 0 native plugins for Editor in 0.00 ms.
Mono: successfully reloaded assembly
- Completed reload, in  0.885 seconds
Domain Reload Profiling:
	ReloadAssembly (886ms)
		BeginReloadAssembly (110ms)
			ExecutionOrderSort (0ms)
			DisableScriptedObjects (4ms)
			BackupInstance (0ms)
			ReleaseScriptingObjects (0ms)
			CreateAndSetChildDomain (29ms)
		EndReloadAssembly (719ms)
			LoadAssemblies (80ms)
			RebuildTransferFunctionScriptingTraits (0ms)
			SetupTypeCache (269ms)
			ReleaseScriptCaches (1ms)
			RebuildScriptCaches (35ms)
			SetupLoadedEditorAssemblies (252ms)
				LogAssemblyErrors (0ms)
				InitializePlatformSupportModulesInManaged (4ms)
				SetLoadedEditorAssemblies (0ms)
				RefreshPlugins (0ms)
				BeforeProcessingInitializeOnLoad (66ms)
				ProcessInitializeOnLoadAttributes (167ms)
				ProcessInitializeOnLoadMethodAttributes (8ms)
				AfterProcessingInitializeOnLoad (5ms)
				EditorAssembliesLoaded (0ms)
			ExecutionOrderSort2 (0ms)
			AwakeInstancesAfterBackupRestoration (6ms)
Platform modules already initialized, skipping
Refreshing native plugins compatible for Editor in 0.33 ms, found 2 plugins.
Preloading 0 native plugins for Editor in 0.00 ms.
Unloading 1495 Unused Serialized files (Serialized files now loaded: 0)
System memory in use before: 67.9 MB.
System memory in use after: 68.0 MB.

Unloading 14 unused Assets to reduce memory usage. Loaded Objects now: 1935.
Total: 2.611800 ms (FindLiveObjects: 0.135700 ms CreateObjectMapping: 0.040200 ms MarkObjects: 2.421000 ms  DeleteObjects: 0.014000 ms)

AssetImportParameters requested are different than current active one (requested -> active):
  custom:framework-win-MediaFoundation: 216162199b28c13a410421893ffa2e32 -> 
  custom:video-decoder-ogg-theora: a1e56fd34408186e4bbccfd4996cb3dc -> 
  custom:container-muxer-webm: aa71ff27fc2769a1b78a27578f13a17b -> 
  custom:container-demuxer-webm: 4f35f7cbe854078d1ac9338744f61a02 -> 
  custom:container-demuxer-ogg: 62fdf1f143b41e24485cea50d1cbac27 -> 
  custom:video-encoder-webm-vp8: eb34c28f22e8b96e1ab97ce403110664 -> 
  custom:video-decoder-webm-vp8: 9c59270c3fd7afecdb556c50c9e8de78 -> 
  custom:audio-decoder-ogg-vorbis: bf7c407c2cedff20999df2af8eb42d56 -> 
  custom:audio-encoder-webm-vorbis: bf7c407c2cedff20999df2af8eb42d56 -> 
========================================================================
Received Import Request.
  Time since last request: 11.257150 seconds.
  path: Assets/task1/Scripts/NewBehaviourScript.cs
  artifactKey: Guid(afb4feff7bd7df34182c252dd9711c46) Importer(815301076,1909f56bfc062723c751e8b465ee728b)
Start importing Assets/task1/Scripts/NewBehaviourScript.cs using Guid(afb4feff7bd7df34182c252dd9711c46) Importer(815301076,1909f56bfc062723c751e8b465ee728b)  -> (artifact id: 'a1537ee03251ce7b37daf01d8ef96fd1') in 0.038479 seconds 
  Import took 0.040412 seconds .

========================================================================
Received Prepare
Registering precompiled user dll's ...
Registered in 0.004397 seconds.
Begin MonoManager ReloadAssembly
Native extension for WindowsStandalone target not found
Refreshing native plugins compatible for Editor in 0.31 ms, found 2 plugins.
Preloading 0 native plugins for Editor in 0.00 ms.
Mono: successfully reloaded assembly
- Completed reload, in  0.900 seconds
Domain Reload Profiling:
	ReloadAssembly (901ms)
		BeginReloadAssembly (112ms)
			ExecutionOrderSort (0ms)
			DisableScriptedObjects (4ms)
			BackupInstance (0ms)
			ReleaseScriptingObjects (0ms)
			CreateAndSetChildDomain (29ms)
		EndReloadAssembly (724ms)
			LoadAssemblies (78ms)
			RebuildTransferFunctionScriptingTraits (0ms)
			SetupTypeCache (258ms)
			ReleaseScriptCaches (1ms)
			RebuildScriptCaches (35ms)
			SetupLoadedEditorAssemblies (265ms)
				LogAssemblyErrors (0ms)
				InitializePlatformSupportModulesInManaged (4ms)
				SetLoadedEditorAssemblies (0ms)
				RefreshPlugins (0ms)
				BeforeProcessingInitializeOnLoad (69ms)
				ProcessInitializeOnLoadAttributes (177ms)
				ProcessInitializeOnLoadMethodAttributes (8ms)
				AfterProcessingInitializeOnLoad (5ms)
				EditorAssembliesLoaded (0ms)
			ExecutionOrderSort2 (0ms)
			AwakeInstancesAfterBackupRestoration (6ms)
Platform modules already initialized, skipping
Refreshing native plugins compatible for Editor in 0.33 ms, found 2 plugins.
Preloading 0 native plugins for Editor in 0.00 ms.
Unloading 1494 Unused Serialized files (Serialized files now loaded: 0)
System memory in use before: 67.9 MB.
System memory in use after: 68.0 MB.

Unloading 15 unused Assets to reduce memory usage. Loaded Objects now: 1936.
Total: 2.752300 ms (FindLiveObjects: 0.148700 ms CreateObjectMapping: 0.042000 ms MarkObjects: 2.544000 ms  DeleteObjects: 0.016600 ms)

AssetImportParameters requested are different than current active one (requested -> active):
  custom:framework-win-MediaFoundation: 216162199b28c13a410421893ffa2e32 -> 
  custom:video-decoder-ogg-theora: a1e56fd34408186e4bbccfd4996cb3dc -> 
  custom:container-muxer-webm: aa71ff27fc2769a1b78a27578f13a17b -> 
  custom:container-demuxer-webm: 4f35f7cbe854078d1ac9338744f61a02 -> 
  custom:container-demuxer-ogg: 62fdf1f143b41e24485cea50d1cbac27 -> 
  custom:video-encoder-webm-vp8: eb34c28f22e8b96e1ab97ce403110664 -> 
  custom:video-decoder-webm-vp8: 9c59270c3fd7afecdb556c50c9e8de78 -> 
  custom:audio-decoder-ogg-vorbis: bf7c407c2cedff20999df2af8eb42d56 -> 
  custom:audio-encoder-webm-vorbis: bf7c407c2cedff20999df2af8eb42d56 -> 
========================================================================
Received Import Request.
  Time since last request: 11.188035 seconds.
  path: Assets/task1/Scripts/Transformation_Matrix.cs
  artifactKey: Guid(ca38dd52f9c26c543852d3aa5852a10c) Importer(815301076,1909f56bfc062723c751e8b465ee728b)
Start importing Assets/task1/Scripts/Transformation_Matrix.cs using Guid(ca38dd52f9c26c543852d3aa5852a10c) Importer(815301076,1909f56bfc062723c751e8b465ee728b)  -> (artifact id: '23c14f55017f97627f1f772c62fefe4c') in 0.010538 seconds 
  Import took 0.012772 seconds .

========================================================================
Received Prepare
Registering precompiled user dll's ...
Registered in 0.003313 seconds.
Begin MonoManager ReloadAssembly
Native extension for WindowsStandalone target not found
Refreshing native plugins compatible for Editor in 0.32 ms, found 2 plugins.
Preloading 0 native plugins for Editor in 0.00 ms.
Mono: successfully reloaded assembly
- Completed reload, in  0.901 seconds
Domain Reload Profiling:
	ReloadAssembly (901ms)
		BeginReloadAssembly (91ms)
			ExecutionOrderSort (0ms)
			DisableScriptedObjects (4ms)
			BackupInstance (0ms)
			ReleaseScriptingObjects (0ms)
			CreateAndSetChildDomain (27ms)
		EndReloadAssembly (748ms)
			LoadAssemblies (74ms)
			RebuildTransferFunctionScriptingTraits (0ms)
			SetupTypeCache (260ms)
			ReleaseScriptCaches (1ms)
			RebuildScriptCaches (42ms)
			SetupLoadedEditorAssemblies (274ms)
				LogAssemblyErrors (0ms)
				InitializePlatformSupportModulesInManaged (4ms)
				SetLoadedEditorAssemblies (0ms)
				RefreshPlugins (0ms)
				BeforeProcessingInitializeOnLoad (73ms)
				ProcessInitializeOnLoadAttributes (183ms)
				ProcessInitializeOnLoadMethodAttributes (8ms)
				AfterProcessingInitializeOnLoad (5ms)
				EditorAssembliesLoaded (0ms)
			ExecutionOrderSort2 (0ms)
			AwakeInstancesAfterBackupRestoration (7ms)
Platform modules already initialized, skipping
Refreshing native plugins compatible for Editor in 0.36 ms, found 2 plugins.
Preloading 0 native plugins for Editor in 0.00 ms.
Unloading 1495 Unused Serialized files (Serialized files now loaded: 0)
System memory in use before: 67.9 MB.
System memory in use after: 68.0 MB.

Unloading 14 unused Assets to reduce memory usage. Loaded Objects now: 1939.
Total: 2.859800 ms (FindLiveObjects: 0.146000 ms CreateObjectMapping: 0.040900 ms MarkObjects: 2.656200 ms  DeleteObjects: 0.015800 ms)

AssetImportParameters requested are different than current active one (requested -> active):
  custom:framework-win-MediaFoundation: 216162199b28c13a410421893ffa2e32 -> 
  custom:video-decoder-ogg-theora: a1e56fd34408186e4bbccfd4996cb3dc -> 
  custom:container-muxer-webm: aa71ff27fc2769a1b78a27578f13a17b -> 
  custom:container-demuxer-webm: 4f35f7cbe854078d1ac9338744f61a02 -> 
  custom:container-demuxer-ogg: 62fdf1f143b41e24485cea50d1cbac27 -> 
  custom:video-encoder-webm-vp8: eb34c28f22e8b96e1ab97ce403110664 -> 
  custom:video-decoder-webm-vp8: 9c59270c3fd7afecdb556c50c9e8de78 -> 
  custom:audio-decoder-ogg-vorbis: bf7c407c2cedff20999df2af8eb42d56 -> 
  custom:audio-encoder-webm-vorbis: bf7c407c2cedff20999df2af8eb42d56 -> 
========================================================================
Received Import Request.
  Time since last request: 21.032982 seconds.
  path: Assets/task1/Scripts/Transformation_Matrix.cs
  artifactKey: Guid(ca38dd52f9c26c543852d3aa5852a10c) Importer(815301076,1909f56bfc062723c751e8b465ee728b)
Start importing Assets/task1/Scripts/Transformation_Matrix.cs using Guid(ca38dd52f9c26c543852d3aa5852a10c) Importer(815301076,1909f56bfc062723c751e8b465ee728b)  -> (artifact id: '633bb6b1fde709209b2871a7fdb5f2f5') in 0.006603 seconds 
  Import took 0.010490 seconds .

========================================================================
Received Prepare
Registering precompiled user dll's ...
Registered in 0.004095 seconds.
Begin MonoManager ReloadAssembly
Native extension for WindowsStandalone target not found
Refreshing native plugins compatible for Editor in 0.36 ms, found 2 plugins.
Preloading 0 native plugins for Editor in 0.00 ms.
Mono: successfully reloaded assembly
- Completed reload, in  0.948 seconds
Domain Reload Profiling:
	ReloadAssembly (949ms)
		BeginReloadAssembly (103ms)
			ExecutionOrderSort (0ms)
			DisableScriptedObjects (4ms)
			BackupInstance (0ms)
			ReleaseScriptingObjects (0ms)
			CreateAndSetChildDomain (28ms)
		EndReloadAssembly (786ms)
			LoadAssemblies (78ms)
			RebuildTransferFunctionScriptingTraits (0ms)
			SetupTypeCache (285ms)
			ReleaseScriptCaches (1ms)
			RebuildScriptCaches (41ms)
			SetupLoadedEditorAssemblies (286ms)
				LogAssemblyErrors (0ms)
				InitializePlatformSupportModulesInManaged (4ms)
				SetLoadedEditorAssemblies (1ms)
				RefreshPlugins (0ms)
				BeforeProcessingInitializeOnLoad (72ms)
				ProcessInitializeOnLoadAttributes (192ms)
				ProcessInitializeOnLoadMethodAttributes (11ms)
				AfterProcessingInitializeOnLoad (6ms)
				EditorAssembliesLoaded (0ms)
			ExecutionOrderSort2 (0ms)
			AwakeInstancesAfterBackupRestoration (6ms)
Platform modules already initialized, skipping
Refreshing native plugins compatible for Editor in 0.31 ms, found 2 plugins.
Preloading 0 native plugins for Editor in 0.00 ms.
Unloading 1495 Unused Serialized files (Serialized files now loaded: 0)
System memory in use before: 67.9 MB.
System memory in use after: 68.0 MB.

Unloading 14 unused Assets to reduce memory usage. Loaded Objects now: 1941.
Total: 3.066600 ms (FindLiveObjects: 0.153100 ms CreateObjectMapping: 0.043100 ms MarkObjects: 2.845400 ms  DeleteObjects: 0.023300 ms)

AssetImportParameters requested are different than current active one (requested -> active):
  custom:framework-win-MediaFoundation: 216162199b28c13a410421893ffa2e32 -> 
  custom:video-decoder-ogg-theora: a1e56fd34408186e4bbccfd4996cb3dc -> 
  custom:container-muxer-webm: aa71ff27fc2769a1b78a27578f13a17b -> 
  custom:container-demuxer-webm: 4f35f7cbe854078d1ac9338744f61a02 -> 
  custom:container-demuxer-ogg: 62fdf1f143b41e24485cea50d1cbac27 -> 
  custom:video-encoder-webm-vp8: eb34c28f22e8b96e1ab97ce403110664 -> 
  custom:video-decoder-webm-vp8: 9c59270c3fd7afecdb556c50c9e8de78 -> 
  custom:audio-decoder-ogg-vorbis: bf7c407c2cedff20999df2af8eb42d56 -> 
  custom:audio-encoder-webm-vorbis: bf7c407c2cedff20999df2af8eb42d56 -> 
========================================================================
Received Import Request.
  Time since last request: 190.073905 seconds.
  path: Assets/task2/task2.unity
  artifactKey: Guid(cd629e794f7d1f7409edd285fed57f76) Importer(815301076,1909f56bfc062723c751e8b465ee728b)
Start importing Assets/task2/task2.unity using Guid(cd629e794f7d1f7409edd285fed57f76) Importer(815301076,1909f56bfc062723c751e8b465ee728b)  -> (artifact id: 'ae522d633fcbee745c0b6eea1be8d401') in 0.018615 seconds 
  Import took 0.021114 seconds .

========================================================================
Received Import Request.
  Time since last request: 118.389715 seconds.
  path: Assets/task2/Scripts
  artifactKey: Guid(5d35fa1b25c858b4494b139167f17e33) Importer(815301076,1909f56bfc062723c751e8b465ee728b)
Start importing Assets/task2/Scripts using Guid(5d35fa1b25c858b4494b139167f17e33) Importer(815301076,1909f56bfc062723c751e8b465ee728b)  -> (artifact id: '493d2e427a7019b1a5ea4860ae0d8e45') in 0.003039 seconds 
  Import took 0.005810 seconds .

========================================================================
Received Prepare
Registering precompiled user dll's ...
Registered in 0.003963 seconds.
Begin MonoManager ReloadAssembly
Native extension for WindowsStandalone target not found
Refreshing native plugins compatible for Editor in 0.31 ms, found 2 plugins.
Preloading 0 native plugins for Editor in 0.00 ms.
Mono: successfully reloaded assembly
- Completed reload, in  0.989 seconds
Domain Reload Profiling:
	ReloadAssembly (989ms)
		BeginReloadAssembly (104ms)
			ExecutionOrderSort (0ms)
			DisableScriptedObjects (4ms)
			BackupInstance (0ms)
			ReleaseScriptingObjects (0ms)
			CreateAndSetChildDomain (29ms)
		EndReloadAssembly (828ms)
			LoadAssemblies (81ms)
			RebuildTransferFunctionScriptingTraits (0ms)
			SetupTypeCache (327ms)
			ReleaseScriptCaches (1ms)
			RebuildScriptCaches (38ms)
			SetupLoadedEditorAssemblies (269ms)
				LogAssemblyErrors (0ms)
				InitializePlatformSupportModulesInManaged (4ms)
				SetLoadedEditorAssemblies (0ms)
				RefreshPlugins (0ms)
				BeforeProcessingInitializeOnLoad (70ms)
				ProcessInitializeOnLoadAttributes (180ms)
				ProcessInitializeOnLoadMethodAttributes (9ms)
				AfterProcessingInitializeOnLoad (5ms)
				EditorAssembliesLoaded (0ms)
			ExecutionOrderSort2 (0ms)
			AwakeInstancesAfterBackupRestoration (7ms)
Platform modules already initialized, skipping
Refreshing native plugins compatible for Editor in 0.32 ms, found 2 plugins.
Preloading 0 native plugins for Editor in 0.00 ms.
Unloading 1496 Unused Serialized files (Serialized files now loaded: 0)
System memory in use before: 68.0 MB.
System memory in use after: 68.1 MB.

Unloading 14 unused Assets to reduce memory usage. Loaded Objects now: 1944.
Total: 2.667300 ms (FindLiveObjects: 0.148700 ms CreateObjectMapping: 0.041000 ms MarkObjects: 2.460500 ms  DeleteObjects: 0.016100 ms)

AssetImportParameters requested are different than current active one (requested -> active):
  custom:framework-win-MediaFoundation: 216162199b28c13a410421893ffa2e32 -> 
  custom:video-decoder-ogg-theora: a1e56fd34408186e4bbccfd4996cb3dc -> 
  custom:container-muxer-webm: aa71ff27fc2769a1b78a27578f13a17b -> 
  custom:container-demuxer-webm: 4f35f7cbe854078d1ac9338744f61a02 -> 
  custom:container-demuxer-ogg: 62fdf1f143b41e24485cea50d1cbac27 -> 
  custom:video-encoder-webm-vp8: eb34c28f22e8b96e1ab97ce403110664 -> 
  custom:video-decoder-webm-vp8: 9c59270c3fd7afecdb556c50c9e8de78 -> 
  custom:audio-decoder-ogg-vorbis: bf7c407c2cedff20999df2af8eb42d56 -> 
  custom:audio-encoder-webm-vorbis: bf7c407c2cedff20999df2af8eb42d56 -> 
========================================================================
Received Import Request.
  Time since last request: 15.612578 seconds.
  path: Assets/task2/Scripts/Extrinsic_Rotations.cs
  artifactKey: Guid(ec2fc9df4e772da4e9d4d3e4396e9dca) Importer(815301076,1909f56bfc062723c751e8b465ee728b)
Start importing Assets/task2/Scripts/Extrinsic_Rotations.cs using Guid(ec2fc9df4e772da4e9d4d3e4396e9dca) Importer(815301076,1909f56bfc062723c751e8b465ee728b)  -> (artifact id: '5e8d7c04ec2ff45c2291fc5eb8ad4a6c') in 0.009625 seconds 
  Import took 0.012255 seconds .

========================================================================
Received Import Request.
  Time since last request: 4.987212 seconds.
  path: Assets/task2/Scripts/Extrinsic_Rotations.cs
  artifactKey: Guid(ec2fc9df4e772da4e9d4d3e4396e9dca) Importer(815301076,1909f56bfc062723c751e8b465ee728b)
Start importing Assets/task2/Scripts/Extrinsic_Rotations.cs using Guid(ec2fc9df4e772da4e9d4d3e4396e9dca) Importer(815301076,1909f56bfc062723c751e8b465ee728b)  -> (artifact id: 'c707e302e8c75433cd944aef29cadc21') in 0.002936 seconds 
  Import took 0.005923 seconds .

========================================================================
Received Prepare
Registering precompiled user dll's ...
Registered in 0.003912 seconds.
Begin MonoManager ReloadAssembly
Native extension for WindowsStandalone target not found
Refreshing native plugins compatible for Editor in 0.32 ms, found 2 plugins.
Preloading 0 native plugins for Editor in 0.00 ms.
Mono: successfully reloaded assembly
- Completed reload, in  0.901 seconds
Domain Reload Profiling:
	ReloadAssembly (902ms)
		BeginReloadAssembly (97ms)
			ExecutionOrderSort (0ms)
			DisableScriptedObjects (5ms)
			BackupInstance (0ms)
			ReleaseScriptingObjects (0ms)
			CreateAndSetChildDomain (29ms)
		EndReloadAssembly (743ms)
			LoadAssemblies (77ms)
			RebuildTransferFunctionScriptingTraits (0ms)
			SetupTypeCache (269ms)
			ReleaseScriptCaches (1ms)
			RebuildScriptCaches (38ms)
			SetupLoadedEditorAssemblies (263ms)
				LogAssemblyErrors (0ms)
				InitializePlatformSupportModulesInManaged (4ms)
				SetLoadedEditorAssemblies (1ms)
				RefreshPlugins (0ms)
				BeforeProcessingInitializeOnLoad (67ms)
				ProcessInitializeOnLoadAttributes (177ms)
				ProcessInitializeOnLoadMethodAttributes (8ms)
				AfterProcessingInitializeOnLoad (5ms)
				EditorAssembliesLoaded (0ms)
			ExecutionOrderSort2 (0ms)
			AwakeInstancesAfterBackupRestoration (7ms)
Platform modules already initialized, skipping
Refreshing native plugins compatible for Editor in 0.32 ms, found 2 plugins.
Preloading 0 native plugins for Editor in 0.00 ms.
Unloading 1496 Unused Serialized files (Serialized files now loaded: 0)
System memory in use before: 68.0 MB.
System memory in use after: 68.1 MB.

Unloading 14 unused Assets to reduce memory usage. Loaded Objects now: 1946.
Total: 2.522600 ms (FindLiveObjects: 0.134700 ms CreateObjectMapping: 0.042100 ms MarkObjects: 2.330500 ms  DeleteObjects: 0.014400 ms)

AssetImportParameters requested are different than current active one (requested -> active):
  custom:framework-win-MediaFoundation: 216162199b28c13a410421893ffa2e32 -> 
  custom:video-decoder-ogg-theora: a1e56fd34408186e4bbccfd4996cb3dc -> 
  custom:container-muxer-webm: aa71ff27fc2769a1b78a27578f13a17b -> 
  custom:container-demuxer-webm: 4f35f7cbe854078d1ac9338744f61a02 -> 
  custom:container-demuxer-ogg: 62fdf1f143b41e24485cea50d1cbac27 -> 
  custom:video-encoder-webm-vp8: eb34c28f22e8b96e1ab97ce403110664 -> 
  custom:video-decoder-webm-vp8: 9c59270c3fd7afecdb556c50c9e8de78 -> 
  custom:audio-decoder-ogg-vorbis: bf7c407c2cedff20999df2af8eb42d56 -> 
  custom:audio-encoder-webm-vorbis: bf7c407c2cedff20999df2af8eb42d56 -> 
========================================================================
Received Prepare
Registering precompiled user dll's ...
Registered in 0.004222 seconds.
Begin MonoManager ReloadAssembly
Native extension for WindowsStandalone target not found
Refreshing native plugins compatible for Editor in 0.32 ms, found 2 plugins.
Preloading 0 native plugins for Editor in 0.00 ms.
Mono: successfully reloaded assembly
- Completed reload, in  0.987 seconds
Domain Reload Profiling:
	ReloadAssembly (988ms)
		BeginReloadAssembly (115ms)
			ExecutionOrderSort (0ms)
			DisableScriptedObjects (7ms)
			BackupInstance (0ms)
			ReleaseScriptingObjects (0ms)
			CreateAndSetChildDomain (27ms)
		EndReloadAssembly (808ms)
			LoadAssemblies (87ms)
			RebuildTransferFunctionScriptingTraits (0ms)
			SetupTypeCache (326ms)
			ReleaseScriptCaches (1ms)
			RebuildScriptCaches (38ms)
			SetupLoadedEditorAssemblies (274ms)
				LogAssemblyErrors (0ms)
				InitializePlatformSupportModulesInManaged (4ms)
				SetLoadedEditorAssemblies (0ms)
				RefreshPlugins (0ms)
				BeforeProcessingInitializeOnLoad (76ms)
				ProcessInitializeOnLoadAttributes (179ms)
				ProcessInitializeOnLoadMethodAttributes (8ms)
				AfterProcessingInitializeOnLoad (5ms)
				EditorAssembliesLoaded (0ms)
			ExecutionOrderSort2 (0ms)
			AwakeInstancesAfterBackupRestoration (6ms)
Platform modules already initialized, skipping
Refreshing native plugins compatible for Editor in 0.31 ms, found 2 plugins.
Preloading 0 native plugins for Editor in 0.00 ms.
Unloading 1497 Unused Serialized files (Serialized files now loaded: 0)
System memory in use before: 68.0 MB.
System memory in use after: 68.1 MB.

Unloading 14 unused Assets to reduce memory usage. Loaded Objects now: 1949.
Total: 2.653500 ms (FindLiveObjects: 0.147200 ms CreateObjectMapping: 0.041500 ms MarkObjects: 2.448100 ms  DeleteObjects: 0.014900 ms)

AssetImportParameters requested are different than current active one (requested -> active):
  custom:framework-win-MediaFoundation: 216162199b28c13a410421893ffa2e32 -> 
  custom:video-decoder-ogg-theora: a1e56fd34408186e4bbccfd4996cb3dc -> 
  custom:container-muxer-webm: aa71ff27fc2769a1b78a27578f13a17b -> 
  custom:container-demuxer-webm: 4f35f7cbe854078d1ac9338744f61a02 -> 
  custom:container-demuxer-ogg: 62fdf1f143b41e24485cea50d1cbac27 -> 
  custom:video-encoder-webm-vp8: eb34c28f22e8b96e1ab97ce403110664 -> 
  custom:video-decoder-webm-vp8: 9c59270c3fd7afecdb556c50c9e8de78 -> 
  custom:audio-decoder-ogg-vorbis: bf7c407c2cedff20999df2af8eb42d56 -> 
  custom:audio-encoder-webm-vorbis: bf7c407c2cedff20999df2af8eb42d56 -> 
========================================================================
Received Import Request.
  Time since last request: 278.694547 seconds.
  path: Assets/task2/Scripts/Intrinsic_Rotations.cs
  artifactKey: Guid(ea0616c96bbf6484aa167f781decc150) Importer(815301076,1909f56bfc062723c751e8b465ee728b)
Start importing Assets/task2/Scripts/Intrinsic_Rotations.cs using Guid(ea0616c96bbf6484aa167f781decc150) Importer(815301076,1909f56bfc062723c751e8b465ee728b)  -> (artifact id: '2ef4f676650bf038d7d5608d48d3fe02') in 0.009798 seconds 
  Import took 0.012552 seconds .

========================================================================
Received Import Request.
  Time since last request: 3.742137 seconds.
  path: Assets/task2/Scripts/Intrinsic_Rotations.cs
  artifactKey: Guid(ea0616c96bbf6484aa167f781decc150) Importer(815301076,1909f56bfc062723c751e8b465ee728b)
Start importing Assets/task2/Scripts/Intrinsic_Rotations.cs using Guid(ea0616c96bbf6484aa167f781decc150) Importer(815301076,1909f56bfc062723c751e8b465ee728b)  -> (artifact id: '6bc04c37b326d5059d545464f47e6d2f') in 0.003262 seconds 
  Import took 0.006966 seconds .

========================================================================
Received Prepare
Registering precompiled user dll's ...
Registered in 0.004409 seconds.
Begin MonoManager ReloadAssembly
Native extension for WindowsStandalone target not found
Refreshing native plugins compatible for Editor in 0.30 ms, found 2 plugins.
Preloading 0 native plugins for Editor in 0.00 ms.
Mono: successfully reloaded assembly
- Completed reload, in  0.899 seconds
Domain Reload Profiling:
	ReloadAssembly (899ms)
		BeginReloadAssembly (99ms)
			ExecutionOrderSort (0ms)
			DisableScriptedObjects (4ms)
			BackupInstance (0ms)
			ReleaseScriptingObjects (0ms)
			CreateAndSetChildDomain (26ms)
		EndReloadAssembly (742ms)
			LoadAssemblies (74ms)
			RebuildTransferFunctionScriptingTraits (0ms)
			SetupTypeCache (267ms)
			ReleaseScriptCaches (1ms)
			RebuildScriptCaches (37ms)
			SetupLoadedEditorAssemblies (267ms)
				LogAssemblyErrors (0ms)
				InitializePlatformSupportModulesInManaged (5ms)
				SetLoadedEditorAssemblies (0ms)
				RefreshPlugins (0ms)
				BeforeProcessingInitializeOnLoad (71ms)
				ProcessInitializeOnLoadAttributes (177ms)
				ProcessInitializeOnLoadMethodAttributes (8ms)
				AfterProcessingInitializeOnLoad (5ms)
				EditorAssembliesLoaded (0ms)
			ExecutionOrderSort2 (0ms)
			AwakeInstancesAfterBackupRestoration (6ms)
Platform modules already initialized, skipping
Refreshing native plugins compatible for Editor in 0.33 ms, found 2 plugins.
Preloading 0 native plugins for Editor in 0.00 ms.
Unloading 1497 Unused Serialized files (Serialized files now loaded: 0)
System memory in use before: 68.0 MB.
System memory in use after: 68.1 MB.

Unloading 14 unused Assets to reduce memory usage. Loaded Objects now: 1951.
Total: 2.809800 ms (FindLiveObjects: 0.145600 ms CreateObjectMapping: 0.041100 ms MarkObjects: 2.606000 ms  DeleteObjects: 0.016200 ms)

AssetImportParameters requested are different than current active one (requested -> active):
  custom:framework-win-MediaFoundation: 216162199b28c13a410421893ffa2e32 -> 
  custom:video-decoder-ogg-theora: a1e56fd34408186e4bbccfd4996cb3dc -> 
  custom:container-muxer-webm: aa71ff27fc2769a1b78a27578f13a17b -> 
  custom:container-demuxer-webm: 4f35f7cbe854078d1ac9338744f61a02 -> 
  custom:container-demuxer-ogg: 62fdf1f143b41e24485cea50d1cbac27 -> 
  custom:video-encoder-webm-vp8: eb34c28f22e8b96e1ab97ce403110664 -> 
  custom:video-decoder-webm-vp8: 9c59270c3fd7afecdb556c50c9e8de78 -> 
  custom:audio-decoder-ogg-vorbis: bf7c407c2cedff20999df2af8eb42d56 -> 
  custom:audio-encoder-webm-vorbis: bf7c407c2cedff20999df2af8eb42d56 -> 
========================================================================
Received Import Request.
  Time since last request: 82.899544 seconds.
  path: Assets/task3/task3.unity
  artifactKey: Guid(c40f5ce4844b65441b70ba5e417550a8) Importer(815301076,1909f56bfc062723c751e8b465ee728b)
Start importing Assets/task3/task3.unity using Guid(c40f5ce4844b65441b70ba5e417550a8) Importer(815301076,1909f56bfc062723c751e8b465ee728b)  -> (artifact id: 'b58e9cbb914faf6eaf30eec1e60dd441') in 0.020394 seconds 
  Import took 0.023348 seconds .

========================================================================
Received Import Request.
  Time since last request: 53.871865 seconds.
  path: Assets/task4/task4.unity
  artifactKey: Guid(feeb962e873485443b0e13a0828b7cfa) Importer(815301076,1909f56bfc062723c751e8b465ee728b)
Start importing Assets/task4/task4.unity using Guid(feeb962e873485443b0e13a0828b7cfa) Importer(815301076,1909f56bfc062723c751e8b465ee728b)  -> (artifact id: 'dd1351425f232772768ab7c86ba1675e') in 0.012142 seconds 
  Import took 0.015249 seconds .

========================================================================
Received Import Request.
  Time since last request: 30.403733 seconds.
  path: Assets/task4/Scripts
  artifactKey: Guid(f8763188fd6478c409322f37d24e0857) Importer(815301076,1909f56bfc062723c751e8b465ee728b)
Start importing Assets/task4/Scripts using Guid(f8763188fd6478c409322f37d24e0857) Importer(815301076,1909f56bfc062723c751e8b465ee728b)  -> (artifact id: '585dba54f8bae345351cc7c9e597c625') in 0.010748 seconds 
  Import took 0.014661 seconds .

========================================================================
Received Import Request.
  Time since last request: 28.761066 seconds.
  path: Assets/task4/Scripts/Angle_Axis_Rotating.cs
  artifactKey: Guid(2179400c5a0fc15488e5c331ae1dc01e) Importer(815301076,1909f56bfc062723c751e8b465ee728b)
Start importing Assets/task4/Scripts/Angle_Axis_Rotating.cs using Guid(2179400c5a0fc15488e5c331ae1dc01e) Importer(815301076,1909f56bfc062723c751e8b465ee728b)  -> (artifact id: '3f7a1215dd800c6765ae1e967c77f698') in 0.009486 seconds 
  Import took 0.012172 seconds .

========================================================================
Received Import Request.
  Time since last request: 4.741216 seconds.
  path: Assets/task4/Scripts/Angle_Axis_Rotating.cs
  artifactKey: Guid(2179400c5a0fc15488e5c331ae1dc01e) Importer(815301076,1909f56bfc062723c751e8b465ee728b)
Start importing Assets/task4/Scripts/Angle_Axis_Rotating.cs using Guid(2179400c5a0fc15488e5c331ae1dc01e) Importer(815301076,1909f56bfc062723c751e8b465ee728b)  -> (artifact id: '39291e252fd14394febae4658a253d6c') in 0.004655 seconds 
  Import took 0.006957 seconds .

========================================================================
Received Prepare
Registering precompiled user dll's ...
Registered in 0.099066 seconds.
Begin MonoManager ReloadAssembly
Native extension for WindowsStandalone target not found
Refreshing native plugins compatible for Editor in 0.30 ms, found 2 plugins.
Preloading 0 native plugins for Editor in 0.00 ms.
Mono: successfully reloaded assembly
- Completed reload, in  0.873 seconds
Domain Reload Profiling:
	ReloadAssembly (874ms)
		BeginReloadAssembly (103ms)
			ExecutionOrderSort (0ms)
			DisableScriptedObjects (5ms)
			BackupInstance (0ms)
			ReleaseScriptingObjects (0ms)
			CreateAndSetChildDomain (28ms)
		EndReloadAssembly (714ms)
			LoadAssemblies (77ms)
			RebuildTransferFunctionScriptingTraits (0ms)
			SetupTypeCache (254ms)
			ReleaseScriptCaches (1ms)
			RebuildScriptCaches (36ms)
			SetupLoadedEditorAssemblies (256ms)
				LogAssemblyErrors (0ms)
				InitializePlatformSupportModulesInManaged (4ms)
				SetLoadedEditorAssemblies (0ms)
				RefreshPlugins (0ms)
				BeforeProcessingInitializeOnLoad (68ms)
				ProcessInitializeOnLoadAttributes (170ms)
				ProcessInitializeOnLoadMethodAttributes (8ms)
				AfterProcessingInitializeOnLoad (5ms)
				EditorAssembliesLoaded (0ms)
			ExecutionOrderSort2 (0ms)
			AwakeInstancesAfterBackupRestoration (6ms)
Platform modules already initialized, skipping
Refreshing native plugins compatible for Editor in 0.31 ms, found 2 plugins.
Preloading 0 native plugins for Editor in 0.00 ms.
Unloading 1498 Unused Serialized files (Serialized files now loaded: 0)
System memory in use before: 68.0 MB.
System memory in use after: 68.2 MB.

Unloading 14 unused Assets to reduce memory usage. Loaded Objects now: 1954.
Total: 2.606900 ms (FindLiveObjects: 0.131600 ms CreateObjectMapping: 0.047000 ms MarkObjects: 2.412700 ms  DeleteObjects: 0.014800 ms)

AssetImportParameters requested are different than current active one (requested -> active):
  custom:framework-win-MediaFoundation: 216162199b28c13a410421893ffa2e32 -> 
  custom:video-decoder-ogg-theora: a1e56fd34408186e4bbccfd4996cb3dc -> 
  custom:container-muxer-webm: aa71ff27fc2769a1b78a27578f13a17b -> 
  custom:container-demuxer-webm: 4f35f7cbe854078d1ac9338744f61a02 -> 
  custom:container-demuxer-ogg: 62fdf1f143b41e24485cea50d1cbac27 -> 
  custom:video-encoder-webm-vp8: eb34c28f22e8b96e1ab97ce403110664 -> 
  custom:video-decoder-webm-vp8: 9c59270c3fd7afecdb556c50c9e8de78 -> 
  custom:audio-decoder-ogg-vorbis: bf7c407c2cedff20999df2af8eb42d56 -> 
  custom:audio-encoder-webm-vorbis: bf7c407c2cedff20999df2af8eb42d56 -> 
========================================================================
Received Import Request.
  Time since last request: 118.686993 seconds.
  path: Assets/task2/task2.unity
  artifactKey: Guid(cd629e794f7d1f7409edd285fed57f76) Importer(815301076,1909f56bfc062723c751e8b465ee728b)
Start importing Assets/task2/task2.unity using Guid(cd629e794f7d1f7409edd285fed57f76) Importer(815301076,1909f56bfc062723c751e8b465ee728b)  -> (artifact id: 'a9f0e9b2ee891775c5a561f42cffb6e4') in 0.021325 seconds 
  Import took 0.025408 seconds .

========================================================================
Received Import Request.
  Time since last request: 4.517642 seconds.
  path: Assets/task4/task4.unity
  artifactKey: Guid(feeb962e873485443b0e13a0828b7cfa) Importer(815301076,1909f56bfc062723c751e8b465ee728b)
Start importing Assets/task4/task4.unity using Guid(feeb962e873485443b0e13a0828b7cfa) Importer(815301076,1909f56bfc062723c751e8b465ee728b)  -> (artifact id: '8841aa71c8fce02b5943cdb87cab47e9') in 0.010935 seconds 
  Import took 0.014372 seconds .

AssetImportWorkerClient::OnTransportError - code=2 error=End of file
