Using pre-set license
Built from '2020.3/staging' branch; Version is '2020.3.24f1 (79c78de19888) revision 7980941'; Using compiler version '192528614'; Build Type 'Release'
OS: 'Windows 11  (10.0.22000) 64bit Professional' Language: 'en' Physical Memory: 16190 MB
BatchMode: 1, IsHumanControllingUs: 0, StartBugReporterOnCrash: 0, Is64bit: 1, IsPro: 0

COMMAND LINE ARGUMENTS:
C:\Program Files\Unity\Hub\Editor\2020.3.24f1\Editor\Unity.exe
-adb2
-batchMode
-noUpm
-name
AssetImportWorker0
-projectPath
C:/github/computer_graphics_programming_exercises/L07 - Transparency/Exercise
-logFile
Logs/AssetImportWorker0.log
-srvPort
64570
Successfully changed project path to: C:/github/computer_graphics_programming_exercises/L07 - Transparency/Exercise
C:/github/computer_graphics_programming_exercises/L07 - Transparency/Exercise
Using Asset Import Pipeline V2.
Refreshing native plugins compatible for Editor in 34.34 ms, found 2 plugins.
Preloading 0 native plugins for Editor in 0.00 ms.
Initialize engine version: 2020.3.24f1 (79c78de19888)
[Subsystems] Discovering subsystems at path C:/Program Files/Unity/Hub/Editor/2020.3.24f1/Editor/Data/Resources/UnitySubsystems
[Subsystems] Discovering subsystems at path C:/github/computer_graphics_programming_exercises/L07 - Transparency/Exercise/Assets
GfxDevice: creating device client; threaded=0
Direct3D:
    Version:  Direct3D 11.0 [level 11.1]
    Renderer: NVIDIA GeForce RTX 2060 (ID=0x1f11)
    Vendor:   
    VRAM:     5980 MB
    Driver:   30.0.15.1006
Initialize mono
Mono path[0] = 'C:/Program Files/Unity/Hub/Editor/2020.3.24f1/Editor/Data/Managed'
Mono path[1] = 'C:/Program Files/Unity/Hub/Editor/2020.3.24f1/Editor/Data/MonoBleedingEdge/lib/mono/unityjit'
Mono config path = 'C:/Program Files/Unity/Hub/Editor/2020.3.24f1/Editor/Data/MonoBleedingEdge/etc'
Using monoOptions --debugger-agent=transport=dt_socket,embedding=1,server=y,suspend=n,address=127.0.0.1:56228
Begin MonoManager ReloadAssembly
Registering precompiled unity dll's ...
Register platform support module: C:/Program Files/Unity/Hub/Editor/2020.3.24f1/Editor/Data/PlaybackEngines/WindowsStandaloneSupport/UnityEditor.WindowsStandalone.Extensions.dll
Registered in 0.001533 seconds.
Native extension for WindowsStandalone target not found
Refreshing native plugins compatible for Editor in 29.54 ms, found 2 plugins.
Preloading 0 native plugins for Editor in 0.00 ms.
Mono: successfully reloaded assembly
- Completed reload, in  0.640 seconds
Domain Reload Profiling:
	ReloadAssembly (640ms)
		BeginReloadAssembly (63ms)
			ExecutionOrderSort (0ms)
			DisableScriptedObjects (0ms)
			BackupInstance (0ms)
			ReleaseScriptingObjects (0ms)
			CreateAndSetChildDomain (1ms)
		EndReloadAssembly (493ms)
			LoadAssemblies (61ms)
			RebuildTransferFunctionScriptingTraits (0ms)
			SetupTypeCache (197ms)
			ReleaseScriptCaches (0ms)
			RebuildScriptCaches (31ms)
			SetupLoadedEditorAssemblies (161ms)
				LogAssemblyErrors (0ms)
				InitializePlatformSupportModulesInManaged (4ms)
				SetLoadedEditorAssemblies (0ms)
				RefreshPlugins (30ms)
				BeforeProcessingInitializeOnLoad (13ms)
				ProcessInitializeOnLoadAttributes (85ms)
				ProcessInitializeOnLoadMethodAttributes (29ms)
				AfterProcessingInitializeOnLoad (0ms)
				EditorAssembliesLoaded (0ms)
			ExecutionOrderSort2 (0ms)
			AwakeInstancesAfterBackupRestoration (0ms)
Platform modules already initialized, skipping
Registering precompiled user dll's ...
Registered in 0.004125 seconds.
Begin MonoManager ReloadAssembly
Native extension for WindowsStandalone target not found
Refreshing native plugins compatible for Editor in 0.33 ms, found 2 plugins.
Preloading 0 native plugins for Editor in 0.00 ms.
Mono: successfully reloaded assembly
- Completed reload, in  1.088 seconds
Domain Reload Profiling:
	ReloadAssembly (1089ms)
		BeginReloadAssembly (162ms)
			ExecutionOrderSort (0ms)
			DisableScriptedObjects (6ms)
			BackupInstance (0ms)
			ReleaseScriptingObjects (0ms)
			CreateAndSetChildDomain (20ms)
		EndReloadAssembly (861ms)
			LoadAssemblies (88ms)
			RebuildTransferFunctionScriptingTraits (0ms)
			SetupTypeCache (303ms)
			ReleaseScriptCaches (1ms)
			RebuildScriptCaches (44ms)
			SetupLoadedEditorAssemblies (305ms)
				LogAssemblyErrors (0ms)
				InitializePlatformSupportModulesInManaged (5ms)
				SetLoadedEditorAssemblies (0ms)
				RefreshPlugins (0ms)
				BeforeProcessingInitializeOnLoad (77ms)
				ProcessInitializeOnLoadAttributes (207ms)
				ProcessInitializeOnLoadMethodAttributes (10ms)
				AfterProcessingInitializeOnLoad (5ms)
				EditorAssembliesLoaded (0ms)
			ExecutionOrderSort2 (0ms)
			AwakeInstancesAfterBackupRestoration (6ms)
Platform modules already initialized, skipping
========================================================================
Worker process is ready to serve import requests
Launched and connected shader compiler UnityShaderCompiler.exe after 0.09 seconds
Refreshing native plugins compatible for Editor in 0.32 ms, found 2 plugins.
Preloading 0 native plugins for Editor in 0.00 ms.
Unloading 1500 Unused Serialized files (Serialized files now loaded: 0)
System memory in use before: 67.9 MB.
System memory in use after: 68.0 MB.

Unloading 19 unused Assets to reduce memory usage. Loaded Objects now: 1932.
Total: 2.890500 ms (FindLiveObjects: 0.147400 ms CreateObjectMapping: 0.041500 ms MarkObjects: 2.641600 ms  DeleteObjects: 0.058900 ms)

AssetImportParameters requested are different than current active one (requested -> active):
  custom:framework-win-MediaFoundation: 216162199b28c13a410421893ffa2e32 -> 
  custom:video-decoder-ogg-theora: a1e56fd34408186e4bbccfd4996cb3dc -> 
  custom:container-muxer-webm: aa71ff27fc2769a1b78a27578f13a17b -> 
  custom:container-demuxer-webm: 4f35f7cbe854078d1ac9338744f61a02 -> 
  custom:container-demuxer-ogg: 62fdf1f143b41e24485cea50d1cbac27 -> 
  custom:video-encoder-webm-vp8: eb34c28f22e8b96e1ab97ce403110664 -> 
  custom:video-decoder-webm-vp8: 9c59270c3fd7afecdb556c50c9e8de78 -> 
  custom:audio-decoder-ogg-vorbis: bf7c407c2cedff20999df2af8eb42d56 -> 
  custom:audio-encoder-webm-vorbis: bf7c407c2cedff20999df2af8eb42d56 -> 
========================================================================
Received Import Request.
  path: Assets
  artifactKey: Guid(00000000000000001000000000000000) Importer(815301076,1909f56bfc062723c751e8b465ee728b)
Start importing Assets using Guid(00000000000000001000000000000000) Importer(815301076,1909f56bfc062723c751e8b465ee728b)  -> (artifact id: '42d402b061de3733987d63b9cc3b64de') in 0.015830 seconds 
  Import took 0.019093 seconds .

========================================================================
Received Import Request.
  Time since last request: 3.935293 seconds.
  path: Assets/task
  artifactKey: Guid(dac0ba0a2e438bf458505f749d53ee0d) Importer(815301076,1909f56bfc062723c751e8b465ee728b)
Start importing Assets/task using Guid(dac0ba0a2e438bf458505f749d53ee0d) Importer(815301076,1909f56bfc062723c751e8b465ee728b)  -> (artifact id: '64a6ef8ede9891aaa8aac8da0e28af5f') in 0.012766 seconds 
  Import took 0.015621 seconds .

========================================================================
Received Import Request.
  Time since last request: 8.600292 seconds.
  path: Assets/task 1
  artifactKey: Guid(9d36570ac3eb1604cb753f6355971ec2) Importer(815301076,1909f56bfc062723c751e8b465ee728b)
Start importing Assets/task 1 using Guid(9d36570ac3eb1604cb753f6355971ec2) Importer(815301076,1909f56bfc062723c751e8b465ee728b)  -> (artifact id: '10af10136f99a155e9b7af4f3f197f91') in 0.012953 seconds 
  Import took 0.016770 seconds .

========================================================================
Received Import Request.
  Time since last request: 4.578448 seconds.
  path: Assets/task 1/task1.unity
  artifactKey: Guid(62bd0bb91aace534dbf7e7a260e32d21) Importer(815301076,1909f56bfc062723c751e8b465ee728b)
Start importing Assets/task 1/task1.unity using Guid(62bd0bb91aace534dbf7e7a260e32d21) Importer(815301076,1909f56bfc062723c751e8b465ee728b)  -> (artifact id: 'ffe6be90b2785dae72e6f8cf43e77ccb') in 0.015549 seconds 
  Import took 0.018445 seconds .

========================================================================
Received Import Request.
  Time since last request: 29.003500 seconds.
  path: Assets/task 1/Materials
  artifactKey: Guid(31a421cd9fc32e841bd9832f37436076) Importer(815301076,1909f56bfc062723c751e8b465ee728b)
Start importing Assets/task 1/Materials using Guid(31a421cd9fc32e841bd9832f37436076) Importer(815301076,1909f56bfc062723c751e8b465ee728b)  -> (artifact id: 'a420042d8c4890de22a158b6bd28c6a7') in 0.011379 seconds 
  Import took 0.013931 seconds .

========================================================================
Received Import Request.
  Time since last request: 7.385109 seconds.
  path: Assets/task 1/Materials/Cutaways.mat
  artifactKey: Guid(43b935b7a4d0119488a47187a964013f) Importer(815301076,1909f56bfc062723c751e8b465ee728b)
Start importing Assets/task 1/Materials/Cutaways.mat using Guid(43b935b7a4d0119488a47187a964013f) Importer(815301076,1909f56bfc062723c751e8b465ee728b)  -> (artifact id: '2db651f88b5d1f53320e482e362e33fb') in 0.126749 seconds 
  Import took 0.129472 seconds .

========================================================================
Received Import Request.
  Time since last request: 10.086056 seconds.
  path: Assets/task 1/Materials/Cutaways.shader
  artifactKey: Guid(26de1a4a16fa0cc4bb9bba8bfa6b0b70) Importer(815301076,1909f56bfc062723c751e8b465ee728b)
Start importing Assets/task 1/Materials/Cutaways.shader using Guid(26de1a4a16fa0cc4bb9bba8bfa6b0b70) Importer(815301076,1909f56bfc062723c751e8b465ee728b)  -> (artifact id: 'c6cc9e491ed38999a5d39fe74d73fda9') in 0.045405 seconds 
  Import took 0.048585 seconds .

========================================================================
Received Import Request.
  Time since last request: 24.317872 seconds.
  path: Assets/task 1/Materials/Cutaways.shader
  artifactKey: Guid(26de1a4a16fa0cc4bb9bba8bfa6b0b70) Importer(815301076,1909f56bfc062723c751e8b465ee728b)
Start importing Assets/task 1/Materials/Cutaways.shader using Guid(26de1a4a16fa0cc4bb9bba8bfa6b0b70) Importer(815301076,1909f56bfc062723c751e8b465ee728b)  -> (artifact id: '927aafdc09d9fd7c96692d367211aaef') in 0.005194 seconds 
  Import took 0.009900 seconds .

========================================================================
Received Import Request.
  Time since last request: 139.524728 seconds.
  path: Assets/task 1/Materials/Cutaways.shader
  artifactKey: Guid(26de1a4a16fa0cc4bb9bba8bfa6b0b70) Importer(815301076,1909f56bfc062723c751e8b465ee728b)
Start importing Assets/task 1/Materials/Cutaways.shader using Guid(26de1a4a16fa0cc4bb9bba8bfa6b0b70) Importer(815301076,1909f56bfc062723c751e8b465ee728b)  -> (artifact id: 'f240edf6885391c9797658f56cbbf1b1') in 0.003988 seconds 
  Import took 0.008098 seconds .

========================================================================
Received Import Request.
  Time since last request: 412.764841 seconds.
  path: Assets/task 1/Materials/Cutaways.mat
  artifactKey: Guid(43b935b7a4d0119488a47187a964013f) Importer(815301076,1909f56bfc062723c751e8b465ee728b)
Start importing Assets/task 1/Materials/Cutaways.mat using Guid(43b935b7a4d0119488a47187a964013f) Importer(815301076,1909f56bfc062723c751e8b465ee728b)  -> (artifact id: '0b4600c50143ec34b038c9b4f14d0b30') in 0.028035 seconds 
  Import took 0.031709 seconds .

========================================================================
Received Import Request.
  Time since last request: 4.044140 seconds.
  path: Assets/task 2
  artifactKey: Guid(7b11662b209d4ff45ba47475e8130376) Importer(815301076,1909f56bfc062723c751e8b465ee728b)
Start importing Assets/task 2 using Guid(7b11662b209d4ff45ba47475e8130376) Importer(815301076,1909f56bfc062723c751e8b465ee728b)  -> (artifact id: '92c73f408c75187be77a2a98bb91027f') in 0.010622 seconds 
  Import took 0.013508 seconds .

========================================================================
Received Import Request.
  Time since last request: 12.720581 seconds.
  path: Assets/task 2/task2.unity
  artifactKey: Guid(276d62542c8630a4fa17219eea0895a0) Importer(815301076,1909f56bfc062723c751e8b465ee728b)
Start importing Assets/task 2/task2.unity using Guid(276d62542c8630a4fa17219eea0895a0) Importer(815301076,1909f56bfc062723c751e8b465ee728b)  -> (artifact id: 'f383045710d6e91ef4786c8b01edd780') in 0.009703 seconds 
  Import took 0.013035 seconds .

========================================================================
Received Import Request.
  Time since last request: 5.146626 seconds.
  path: Assets/task 2/Materials
  artifactKey: Guid(b30127e85426a9849a8397d305f3a4c1) Importer(815301076,1909f56bfc062723c751e8b465ee728b)
Start importing Assets/task 2/Materials using Guid(b30127e85426a9849a8397d305f3a4c1) Importer(815301076,1909f56bfc062723c751e8b465ee728b)  -> (artifact id: '487f549e9f4592ecdc4a27b858cba047') in 0.003007 seconds 
  Import took 0.005255 seconds .

========================================================================
Received Import Request.
  Time since last request: 8.043648 seconds.
  path: Assets/task 2/Materials/Transparency.mat
  artifactKey: Guid(90538c3daf95d9e47a7053919ee9134d) Importer(815301076,1909f56bfc062723c751e8b465ee728b)
Start importing Assets/task 2/Materials/Transparency.mat using Guid(90538c3daf95d9e47a7053919ee9134d) Importer(815301076,1909f56bfc062723c751e8b465ee728b)  -> (artifact id: 'ad3bc891206e5c75ef86ba89756c3911') in 0.016266 seconds 
  Import took 0.018774 seconds .

========================================================================
Received Import Request.
  Time since last request: 10.309436 seconds.
  path: Assets/task 2/Materials/Transparency.shader
  artifactKey: Guid(5b57989a78a86da4da8c21bf932c629c) Importer(815301076,1909f56bfc062723c751e8b465ee728b)
Start importing Assets/task 2/Materials/Transparency.shader using Guid(5b57989a78a86da4da8c21bf932c629c) Importer(815301076,1909f56bfc062723c751e8b465ee728b)  -> (artifact id: '9aded83d21df14940c8ac2c3ad2c2d32') in 0.005452 seconds 
  Import took 0.009753 seconds .

========================================================================
Received Import Request.
  Time since last request: 26.856114 seconds.
  path: Assets/task 2/Materials/Transparency.shader
  artifactKey: Guid(5b57989a78a86da4da8c21bf932c629c) Importer(815301076,1909f56bfc062723c751e8b465ee728b)
Start importing Assets/task 2/Materials/Transparency.shader using Guid(5b57989a78a86da4da8c21bf932c629c) Importer(815301076,1909f56bfc062723c751e8b465ee728b)  -> (artifact id: '3099780059459c70f1b3fdf611b28f7f') in 0.004231 seconds 
  Import took 0.007366 seconds .

========================================================================
Received Import Request.
  Time since last request: 80.713524 seconds.
  path: Assets/task 2/Materials/SphereMat.mat
  artifactKey: Guid(cd9d2aa4ced3bdf4186ad0ebfae8f671) Importer(815301076,1909f56bfc062723c751e8b465ee728b)
Start importing Assets/task 2/Materials/SphereMat.mat using Guid(cd9d2aa4ced3bdf4186ad0ebfae8f671) Importer(815301076,1909f56bfc062723c751e8b465ee728b)  -> (artifact id: '946fd559c1e3c493016d6ab59e9ef49f') in 0.014555 seconds 
  Import took 0.017233 seconds .

========================================================================
Received Import Request.
  Time since last request: 152.849387 seconds.
  path: Assets/task 2/Materials/WithBackFaces.shader
  artifactKey: Guid(c86132f7fe1865f42b5a893842c622ca) Importer(815301076,1909f56bfc062723c751e8b465ee728b)
Start importing Assets/task 2/Materials/WithBackFaces.shader using Guid(c86132f7fe1865f42b5a893842c622ca) Importer(815301076,1909f56bfc062723c751e8b465ee728b)  -> (artifact id: '43a7e7e15179a22d98c0b37f058bd4ac') in 0.012859 seconds 
  Import took 0.016125 seconds .

========================================================================
Received Import Request.
  Time since last request: 6.171083 seconds.
  path: Assets/task 2/Materials/WithBackFaces.shader
  artifactKey: Guid(c86132f7fe1865f42b5a893842c622ca) Importer(815301076,1909f56bfc062723c751e8b465ee728b)
Start importing Assets/task 2/Materials/WithBackFaces.shader using Guid(c86132f7fe1865f42b5a893842c622ca) Importer(815301076,1909f56bfc062723c751e8b465ee728b)  -> (artifact id: '63028acfc410aefd05416079e4b252c4') in 0.004113 seconds 
  Import took 0.006542 seconds .

========================================================================
Received Import Request.
  Time since last request: 66.717757 seconds.
  path: Assets/task 2/Materials/WithBackFaces.shader
  artifactKey: Guid(c86132f7fe1865f42b5a893842c622ca) Importer(815301076,1909f56bfc062723c751e8b465ee728b)
Start importing Assets/task 2/Materials/WithBackFaces.shader using Guid(c86132f7fe1865f42b5a893842c622ca) Importer(815301076,1909f56bfc062723c751e8b465ee728b)  -> (artifact id: '8f8f03f1eaeb7cdaeb41dddbdcd05055') in 0.004687 seconds 
  Import took 0.007109 seconds .

========================================================================
Received Import Request.
  Time since last request: 10.301155 seconds.
  path: Assets/task 2/Materials/SphereMat.mat
  artifactKey: Guid(cd9d2aa4ced3bdf4186ad0ebfae8f671) Importer(815301076,1909f56bfc062723c751e8b465ee728b)
Start importing Assets/task 2/Materials/SphereMat.mat using Guid(cd9d2aa4ced3bdf4186ad0ebfae8f671) Importer(815301076,1909f56bfc062723c751e8b465ee728b)  -> (artifact id: '0b0dc4e62f4a312d3da744f3f459fd51') in 0.015800 seconds 
  Import took 0.018440 seconds .

========================================================================
Received Import Request.
  Time since last request: 0.000340 seconds.
  path: Assets/task 2/Materials/Transparency.mat
  artifactKey: Guid(90538c3daf95d9e47a7053919ee9134d) Importer(815301076,1909f56bfc062723c751e8b465ee728b)
Start importing Assets/task 2/Materials/Transparency.mat using Guid(90538c3daf95d9e47a7053919ee9134d) Importer(815301076,1909f56bfc062723c751e8b465ee728b)  -> (artifact id: 'f3c2e25af068387f12b31c93d237ebf9') in 0.026337 seconds 
  Import took 0.028684 seconds .

========================================================================
Received Import Request.
  Time since last request: 1.447233 seconds.
  path: Assets/task 3
  artifactKey: Guid(f303f22eed62a43478f8473aaa51a226) Importer(815301076,1909f56bfc062723c751e8b465ee728b)
Start importing Assets/task 3 using Guid(f303f22eed62a43478f8473aaa51a226) Importer(815301076,1909f56bfc062723c751e8b465ee728b)  -> (artifact id: '9ba309f25882e37f574bf46be5d77d9b') in 0.010551 seconds 
  Import took 0.013231 seconds .

========================================================================
Received Import Request.
  Time since last request: 2.931191 seconds.
  path: Assets/task 3/task3.unity
  artifactKey: Guid(38b19aba149fdf443ab1800a1da715b2) Importer(815301076,1909f56bfc062723c751e8b465ee728b)
Start importing Assets/task 3/task3.unity using Guid(38b19aba149fdf443ab1800a1da715b2) Importer(815301076,1909f56bfc062723c751e8b465ee728b)  -> (artifact id: '1db6a74b368a5949f1cd3cda74903abe') in 0.009100 seconds 
  Import took 0.011575 seconds .

========================================================================
Received Import Request.
  Time since last request: 8.533503 seconds.
  path: Assets/task 3/Materials
  artifactKey: Guid(c5babdeb8e7f22c4b8951d648188023e) Importer(815301076,1909f56bfc062723c751e8b465ee728b)
Start importing Assets/task 3/Materials using Guid(c5babdeb8e7f22c4b8951d648188023e) Importer(815301076,1909f56bfc062723c751e8b465ee728b)  -> (artifact id: 'cb61cbfb47deb45082021c6e98beb0be') in 0.003961 seconds 
  Import took 0.007234 seconds .

========================================================================
Received Import Request.
  Time since last request: 31.566100 seconds.
  path: Assets/task 3/Materials/OITransparency.mat
  artifactKey: Guid(5d655a94f7e95f746828e1e963df4189) Importer(815301076,1909f56bfc062723c751e8b465ee728b)
Start importing Assets/task 3/Materials/OITransparency.mat using Guid(5d655a94f7e95f746828e1e963df4189) Importer(815301076,1909f56bfc062723c751e8b465ee728b)  -> (artifact id: '2ae55092fb77b0dd7da0b2502bcd1672') in 0.015628 seconds 
  Import took 0.018094 seconds .

========================================================================
Received Import Request.
  Time since last request: 9.046758 seconds.
  path: Assets/task 3/Materials/OITransparency.shader
  artifactKey: Guid(b15ceac290a64c049a42730ac2576d1d) Importer(815301076,1909f56bfc062723c751e8b465ee728b)
Start importing Assets/task 3/Materials/OITransparency.shader using Guid(b15ceac290a64c049a42730ac2576d1d) Importer(815301076,1909f56bfc062723c751e8b465ee728b)  -> (artifact id: '1b4cfd10ce0b35fbe63f343df9299733') in 0.004888 seconds 
  Import took 0.007494 seconds .

========================================================================
Received Import Request.
  Time since last request: 11.030196 seconds.
  path: Assets/task 3/Materials/OITransparency.shader
  artifactKey: Guid(b15ceac290a64c049a42730ac2576d1d) Importer(815301076,1909f56bfc062723c751e8b465ee728b)
Start importing Assets/task 3/Materials/OITransparency.shader using Guid(b15ceac290a64c049a42730ac2576d1d) Importer(815301076,1909f56bfc062723c751e8b465ee728b)  -> (artifact id: '169e7d5eff29b4f9d6afac36b7a9fda2') in 0.004371 seconds 
  Import took 0.007973 seconds .

========================================================================
Received Import Request.
  Time since last request: 182.314227 seconds.
  path: Assets/task 4
  artifactKey: Guid(08bc45adbf2480c4a9c33ff5ea7fd010) Importer(815301076,1909f56bfc062723c751e8b465ee728b)
Start importing Assets/task 4 using Guid(08bc45adbf2480c4a9c33ff5ea7fd010) Importer(815301076,1909f56bfc062723c751e8b465ee728b)  -> (artifact id: '4a2e15650e50766d170e76c1a69c9ea5') in 0.012402 seconds 
  Import took 0.015286 seconds .

========================================================================
Received Import Request.
  Time since last request: 4.450022 seconds.
  path: Assets/task 4/task4.unity
  artifactKey: Guid(444dba5eaa1c2b94cb6e52e665bb0665) Importer(815301076,1909f56bfc062723c751e8b465ee728b)
Start importing Assets/task 4/task4.unity using Guid(444dba5eaa1c2b94cb6e52e665bb0665) Importer(815301076,1909f56bfc062723c751e8b465ee728b)  -> (artifact id: 'd4d7a415f668290fc02f17690682e379') in 0.010212 seconds 
  Import took 0.012456 seconds .

========================================================================
Received Import Request.
  Time since last request: 20.711612 seconds.
  path: Assets/task 4/Materials
  artifactKey: Guid(6b0203a5fc64a384f94a355824ca5ace) Importer(815301076,1909f56bfc062723c751e8b465ee728b)
Start importing Assets/task 4/Materials using Guid(6b0203a5fc64a384f94a355824ca5ace) Importer(815301076,1909f56bfc062723c751e8b465ee728b)  -> (artifact id: 'ccb1339268aa9b8a570857b7f42296de') in 0.004175 seconds 
  Import took 0.006726 seconds .

========================================================================
Received Import Request.
  Time since last request: 11.507356 seconds.
  path: Assets/task 4/Materials/SilhouetteEnhancement.mat
  artifactKey: Guid(843a65f661bda9f40aaa547b64c0bb52) Importer(815301076,1909f56bfc062723c751e8b465ee728b)
Start importing Assets/task 4/Materials/SilhouetteEnhancement.mat using Guid(843a65f661bda9f40aaa547b64c0bb52) Importer(815301076,1909f56bfc062723c751e8b465ee728b)  -> (artifact id: 'e18344bf09affd7898aafe5aa24084ba') in 0.023311 seconds 
  Import took 0.026361 seconds .

========================================================================
Received Import Request.
  Time since last request: 11.498570 seconds.
  path: Assets/task 4/Materials/SilhouetteEnhancement.shader
  artifactKey: Guid(8f9e3e5754ecb144995a475c5af9891c) Importer(815301076,1909f56bfc062723c751e8b465ee728b)
Start importing Assets/task 4/Materials/SilhouetteEnhancement.shader using Guid(8f9e3e5754ecb144995a475c5af9891c) Importer(815301076,1909f56bfc062723c751e8b465ee728b)  -> (artifact id: '447bd2dfd2ed9b4746d1c98897daae0e') in 0.005183 seconds 
  Import took 0.008160 seconds .

========================================================================
Received Import Request.
  Time since last request: 15.931347 seconds.
  path: Assets/task 4/Materials/SilhouetteEnhancement.shader
  artifactKey: Guid(8f9e3e5754ecb144995a475c5af9891c) Importer(815301076,1909f56bfc062723c751e8b465ee728b)
Start importing Assets/task 4/Materials/SilhouetteEnhancement.shader using Guid(8f9e3e5754ecb144995a475c5af9891c) Importer(815301076,1909f56bfc062723c751e8b465ee728b)  -> (artifact id: '4f276ef7fb7757177adda216f19e2b8c') in 0.006073 seconds 
  Import took 0.045111 seconds .

========================================================================
Received Import Request.
  Time since last request: 195.195710 seconds.
  path: Assets/task 4/Materials/SilhouetteEnhancement.mat
  artifactKey: Guid(843a65f661bda9f40aaa547b64c0bb52) Importer(815301076,1909f56bfc062723c751e8b465ee728b)
Start importing Assets/task 4/Materials/SilhouetteEnhancement.mat using Guid(843a65f661bda9f40aaa547b64c0bb52) Importer(815301076,1909f56bfc062723c751e8b465ee728b)  -> (artifact id: 'eba7026d79b6cd2eb9b1a46aa09fdf9c') in 0.017740 seconds 
  Import took 0.020281 seconds .

AssetImportWorkerClient::OnTransportError - code=2 error=End of file
